{"short":"B_-GSAvTL2vTWMVkLHW-PwHnO7n8BubezZqhwOYw GET / 404","length":"139","responseTime":"3.570 ms"}
{"short":"xuFmOcmAZF4PJBr1wzYpt49gSaedwmcIlnosioHc GET / 404","length":"139","responseTime":"1.161 ms"}
{"short":"jMcXnZNW5PeBxVsRn2damqZbi1_U753TCiFwpF1J GET / 404","length":"139","responseTime":"0.684 ms"}
{"short":"6gQ-MFshg4X-67M7blreJxe99i4HkplgMyutV-dd GET / 404","length":"139","responseTime":"0.406 ms"}
{"short":"qEkSScvPna4UcAvTXZAr2IMJlHvwVn58KmDEGCPd GET / 404","length":"139","responseTime":"0.482 ms"}
{"short":"aBGeOhuNdmlwUMyxie_8KdcVeT7EQiJbOx_-3psu GET / 404","length":"139","responseTime":"0.616 ms"}
{"short":"gmO-FnxbdD16jwqOMpkhYTzasW-SxnnrHeswgT0Y GET / 404","length":"139","responseTime":"0.507 ms"}
{"short":"BT9JnD8a3XP0HPBpY6C89OGL8_JG6sabK7pyNhZK GET / 404","length":"139","responseTime":"0.527 ms"}
{"short":"5dfhUg_w45SINkI93EFsqKjF8TMcml2GWYxhMhnA GET / 404","length":"139","responseTime":"0.389 ms"}
{"short":"7tSS7O4wffuPb-gI-yoW3GuOiP699FqKo14YD67k GET / 404","length":"139","responseTime":"0.554 ms"}
{"short":"A-Fd006LiWp4W2TXElE3gOPuKZ6V46rxoE8eMZb0 GET / 404","length":"139","responseTime":"0.530 ms"}
{"short":"QyK9aivw7QtDK4UPIcM89EUuIj1lPMVQYVjV3dGS GET / 404","length":"139","responseTime":"2.012 ms"}
{"short":"WcRQiwhpdemBWgly6fyJTmGInLPzdN-mMDPEHr4I GET / 404","length":"139","responseTime":"0.630 ms"}
{"short":"4gTMZR9qlsnMhPofGRoveqTNLbET7DYZ8DymAg7s GET / 404","length":"139","responseTime":"0.281 ms"}
{"short":"PuYhtbpCjei8n-hhjvxFHWMqBIYBWwzrrc_He7Gu GET / 404","length":"139","responseTime":"0.691 ms"}
{"short":"i1kbkM-XsziRYIcjx5-ILbylDpoE2hulj2W6ISIn GET / 404","length":"139","responseTime":"0.509 ms"}
{"short":"rK6pNGjPdw0kCz6g3GU61F9ojv9JGLdLDL-q2FFK GET / 404","length":"139","responseTime":"0.254 ms"}
{"short":"jE-p0SYGZpzcLjV_f6rPbeLSRLOn_1e1UuInHc11 GET / 404","length":"139","responseTime":"0.537 ms"}
{"short":"ZQdAa2vxKWBg5Z1T_Cc4k57Z8ymrxPV2f6XiP4D4 GET / 404","length":"139","responseTime":"0.438 ms"}
{"short":"RkU_-BlK1RFWyRJb3B_WcNGRJsP6IS7c3GM9UIfz GET / 404","length":"139","responseTime":"0.543 ms"}
{"short":"fAUwYHUnXSFO_El6q5Oj9YIy3K7uOJSibibOKh6K GET / 404","length":"139","responseTime":"0.440 ms"}
{"short":"sAqlfwwk_5JPN3xdrLGwhxSgQGI7bzHoWt3EK1FH GET / 404","length":"139","responseTime":"0.444 ms"}
{"short":"TIlMX9T5bUxmFOi1nsGw0bUUdPilApsphtU-viQG GET / 404","length":"139","responseTime":"0.335 ms"}
{"short":"Suzmv4TSkZkhU2srOZogMb-RXdzEXDH45yXGRgYr GET / 404","length":"139","responseTime":"0.416 ms"}
{"short":"K5iF_RD_lvWpqMgufnxc791yxxwCjFvtpY-AH51S GET / 404","length":"139","responseTime":"0.432 ms"}
{"short":"O0sD7tJfSc0qjBAdw2GfjgyNTBzg0tota6hE-iUj GET / 404","length":"139","responseTime":"0.355 ms"}
{"short":"CS1wz-owv4rPBiddnpINC4KVddhaw13Xw7glZhHX GET / 404","length":"139","responseTime":"0.268 ms"}
{"short":"uEhu1XdTCLc9cVlVnvr99ZazPNBAXbY_EHNmYvbG GET / 404","length":"139","responseTime":"0.619 ms"}
{"short":"9UK7WLmppLKJcRAF9beFTebmBA3RaZ9kCWSRff-N GET / 404","length":"139","responseTime":"0.499 ms"}
{"short":"LaQQ3E7YpAEysHyF0DPvROrtM33rbmr6Xg_o6Vbq GET / 404","length":"139","responseTime":"0.504 ms"}
{"short":"pK6U5-sLZONmOKjoxJ5Idzg7fyWQiQsvto1b1nxR GET / 404","length":"139","responseTime":"0.346 ms"}
{"short":"HtrXzT5A5Ro4nRYlUIXx-c2CNnb39XDcE8J3ZzII GET / 404","length":"139","responseTime":"0.510 ms"}
{"short":"E2fT4pVA6yK5EBViyMaSXnRfW05gHopG-BiIZqXh GET / 404","length":"139","responseTime":"0.662 ms"}
{"short":"jFqX_0biDqrumkYqidYiO41iPfPbWG_qqhLcNxGo GET / 404","length":"139","responseTime":"0.500 ms"}
{"short":"_O2oUppw18Y8cHIXErYQqUz3bgU8Sa2Hs3iqrv3m GET / 404","length":"139","responseTime":"0.535 ms"}
{"short":"ld6QX6weMhHQT7goanP8Zo_kLlW7npOlLenOhJZh GET / 404","length":"139","responseTime":"0.415 ms"}
{"short":"tjpPCblF-NKf9VMQ4LyFI8CWkqpWJjZk4taqXfBY GET / 404","length":"139","responseTime":"0.513 ms"}
{"short":"ohWmu0r4KqA51s7aIDYEGAufs-OpdIv5M0oXhFGa GET / 404","length":"139","responseTime":"0.876 ms"}
{"short":"C1xSnZljCKsOeusDdRfBo_nWSUOd_f-HYtVf3O_P GET / 404","length":"139","responseTime":"0.488 ms"}
{"short":"LjmhVVsNxzCEeZ1i7R21CmB__AfQncOMOQ7oAo4M GET / 404","length":"139","responseTime":"0.263 ms"}
{"short":"Na2yrk3CLxlA521ztx8_aWM1mRzGNnx8YDgKlNRt GET / 404","length":"139","responseTime":"0.509 ms"}
{"short":"ZBkIRsFbcm3jAEE9JHVaEYi6XR8BxTlxE3_jtLQm GET / 404","length":"139","responseTime":"0.618 ms"}
{"short":"Gz9GwCEdNS2ACCKvoSjGCX-kzaAWbzSgdrlh6xbv GET / 404","length":"139","responseTime":"0.507 ms"}
{"short":"t-5SYjVtQZqXUaI-10z9ddfPSXi9IPAKMqS_E3uH GET / 404","length":"139","responseTime":"0.398 ms"}
{"short":"H97Nk4OBbtaHmAJucM9yMmiCuZk9yzcbgT45MXJc GET / 404","length":"139","responseTime":"0.695 ms"}
{"short":"K3dxJjtFkQ-F1wRreK8RBlywMdByyZ0lzTfcyQgc GET / 404","length":"139","responseTime":"0.270 ms"}
{"short":"XoUAAXi7hH3HLTaN3SYU4IzyGNcrbIBxyY5o2V1w GET / 404","length":"139","responseTime":"0.721 ms"}
{"short":"Y9kraJngXwvAgbD5vv2Lckv-XoNxxj0VXGPX9wen GET / 404","length":"139","responseTime":"0.515 ms"}
{"short":"DuOOPeU3A3AAMm2cp7qrylDyl_VZmIT6qZuh5BxW GET / 404","length":"139","responseTime":"0.418 ms"}
{"short":"kD9hFoGYdhOPkM2FKFiV_hm9g_YmJHFvNyn0KE7n GET / 404","length":"139","responseTime":"0.363 ms"}
{"short":"rwWSEe5--pQ4YCXXIDbFLo6BKOhdu-KXtJ-mFhxY GET / 404","length":"139","responseTime":"0.337 ms"}
{"short":"kabiSvbr5xj-OEPP144WBvEbQpRAEoQpusOAnfbS GET / 404","length":"139","responseTime":"0.432 ms"}
{"short":"Bo4zoQORdK1-dD_M9DJM4LbBtJIHCe0e8r8YxYzR GET / 404","length":"139","responseTime":"0.423 ms"}
{"short":"8p79sNcDOUD4ZoN3ZEp8UOhAGb-DRREu443_FiiM GET / 404","length":"139","responseTime":"0.436 ms"}
{"short":"mW8tKAasr7XWWjdVyGbZWTAlLSvql8bzFTZ7nsSI GET / 404","length":"139","responseTime":"0.496 ms"}
{"short":"veVHOwZFTw71Jbu8sCHeNn_7HJ0lme517NNOc6q- GET / 404","length":"139","responseTime":"0.307 ms"}
{"short":"sOvMVWISkbW4jrfz6kVzO5eKz_SzKPsjOexMbs3X GET / 404","length":"139","responseTime":"0.453 ms"}
{"short":"TxMWDqDO8LQgwqNVXSn4oDhiDrk5wmRpkHQ4xsiq GET / 404","length":"139","responseTime":"0.525 ms"}
{"short":"DY0eVvGSv1ToBFhAiH7XHaFemgJax5lIRk2tUgOa GET / 404","length":"139","responseTime":"0.278 ms"}
{"short":"P0GuXnQdlppsCSjL7PMZg7WHoQCbax5o7GiBbCpn GET / 404","length":"139","responseTime":"0.296 ms"}
{"short":"eRR9ATOWa_7o6UgRo5cPvWYKFca5fi2l0Lo_Ta4i GET / 404","length":"139","responseTime":"0.266 ms"}
{"short":"WWF3bchmlnqK_wA4hz94sS6c_2ulNNCpCFXgaNBW GET / 404","length":"139","responseTime":"0.505 ms"}
{"short":"vcO3znqF3uhCCk-RCNe3OiFh3nEgFVuXb56EIfsh GET / 404","length":"139","responseTime":"0.736 ms"}
{"short":"cwiCx2ivICKIbDJrwfwxUMWRsNKOPF9qUMyx8WWg GET / 404","length":"139","responseTime":"0.482 ms"}
{"short":"OfPiV7J4SmOKHUgz0x7DPM0JparN0NnIxbf-4mtm GET / 404","length":"139","responseTime":"0.248 ms"}
{"short":"d629SiJIwZsbqGUtLBetHS82a-GbkCxbdoBAseeT GET / 404","length":"139","responseTime":"0.546 ms"}
{"short":"qZwN2TsWm3JZzOKt5u8nCGbecCiHxZddGbUS3iio GET / 404","length":"139","responseTime":"0.686 ms"}
{"short":"dHN5sbuRgrwjg9ezRlj64y7yBmhtUMjWMk_jjoH6 GET / 404","length":"139","responseTime":"0.641 ms"}
{"short":"YDL5E5cwT8e9maATYSglZXcuBQJqEfu9ILh_FUcv GET / 404","length":"139","responseTime":"0.695 ms"}
{"short":"1in2kZyvYG-WVE6-NSbIiy0SGGOm8CY34dSw6A3i GET / 404","length":"139","responseTime":"0.509 ms"}
{"short":"RJc1bRMWJVEhRce5-HIQw6Had9QY0jjiYIlzVqek GET / 404","length":"139","responseTime":"0.444 ms"}
{"short":"MP5NrZED8ojqN2XDcErdTC96f4MgbWrfpZcILJm2 GET / 404","length":"139","responseTime":"0.520 ms"}
{"short":"5c7fTFPcYdTGqueOGC0yRq7ZvAYBVCDFve_ak01a GET / 404","length":"139","responseTime":"0.499 ms"}
{"short":"kD6eZN4TW-2ZhYcDqnrt1xHlgs5en5I1VDPw4qx5 GET / 404","length":"139","responseTime":"0.793 ms"}
{"short":"vWyTEtpaydrBp5CbxpLFl8hxhcHkIqaGfL9TadBD GET / 404","length":"139","responseTime":"0.481 ms"}
{"short":"5MaVLXoYuGIFlwOvSjQNBmPwlb2rkOZDOEkXSIRO GET / 404","length":"139","responseTime":"0.506 ms"}
{"short":"Aee8zFEV5KwaEGkfaECLrLixd_9QZI2VVS0sODHi GET / 404","length":"139","responseTime":"0.254 ms"}
{"short":"_hGNmcevshMUoTuhS7T94oUNLxG0qEDQ--PJBlnk GET / 404","length":"139","responseTime":"0.326 ms"}
{"short":"4TWgYCYJC4hh2roL82JUQS5ijPmRfuh0o0UT6Ttm GET / 404","length":"139","responseTime":"0.506 ms"}
{"short":"khaPIDXnfGu4_B75bIGMJSTrJKIxl1pxoYX-xs1U GET / 404","length":"139","responseTime":"0.248 ms"}
{"short":"izsDfOaYNerc0QTIgHwLs3Rx6Q59OZ3GxXNhuw30 GET / 404","length":"139","responseTime":"0.415 ms"}
{"short":"boArt2xr1X2oZkNx3BTqRnf1dlyJbDIBteGRd3DL GET / 404","length":"139","responseTime":"0.494 ms"}
{"short":"oHxADmV-YGjT5MYDHRMdNpQ3Yq7hHaMIa5WSU9eC GET / 404","length":"139","responseTime":"0.487 ms"}
{"short":"PvStRslUB4DblVuwz-Xbz1B109l4wCbEcyDM_i8L GET / 404","length":"139","responseTime":"0.393 ms"}
{"short":"BDZ89y7VQj6HGJ8v52n6ei1HT3xvR196iuC_dmBD GET / 404","length":"139","responseTime":"0.225 ms"}
{"short":"43D9mqz_5NQ09PmT5olWU_fhRGyfQqyhNuBU3Ur1 GET / 404","length":"139","responseTime":"0.479 ms"}
{"short":"BBYK26WHhUBGiDuVp1ntqIg3gQtbRVQEK5oVvgy5 GET / 404","length":"139","responseTime":"0.236 ms"}
{"short":"db2JRiWtu9dl6_uj50EiZ1mjil1vahfClnePbsp7 GET / 404","length":"139","responseTime":"0.389 ms"}
{"short":"_n_OJlpSXPXMYho5SIRkOxOKdSTVqcpDluifsrF5 GET / 404","length":"139","responseTime":"0.651 ms"}
{"short":"eTeCEO6QmZvjvdFgcR9wvv2_ozjFMBAdBGjz-Pra GET / 404","length":"139","responseTime":"0.636 ms"}
{"short":"8GsoZ54XW9ugYZEjaQsWIVNPZ8IkyMISsqELLpHA GET / 404","length":"139","responseTime":"0.529 ms"}
{"short":"aJIrRimT1vsD7E4DdE_Y0iHGCebwjz1F1cWwbK2K GET / 404","length":"139","responseTime":"0.539 ms"}
{"short":"R3DgGuS9X-OLitFDg61d5QEepngvCxA5vwI2NYDe GET / 404","length":"139","responseTime":"0.471 ms"}
{"short":"JP9bHAkVjFPqDnWgrO1kiFFWx-pLTHlUENx3h2km GET / 404","length":"139","responseTime":"0.247 ms"}
{"short":"8GwqstN_nAdioOGy3Y4_JRPlApBVr89pL0HyJVnt GET / 404","length":"139","responseTime":"0.459 ms"}
{"short":"UiJP0h0N0d2jFRvdrKZzJK_viiLA_arfV--XGS8B GET / 404","length":"139","responseTime":"0.440 ms"}
{"short":"3tKEi3Gv2OJUrIkmW7-hxfKn810Fax8YPuN5E3AA GET / 404","length":"139","responseTime":"0.393 ms"}
{"short":"veiBhufo3iqRaRyMTYkNL0iDg__XoOS4LXEa808U GET / 404","length":"139","responseTime":"0.452 ms"}
{"short":"ssA8ZFsSZmqbhdrwxHtLcjrRJQDnZ8bWqyd7qlTs GET / 404","length":"139","responseTime":"0.624 ms"}
{"short":"c_2cUKmeVcdfhJL1TWorRVzQMgEjt7DHiG1ZBbVN GET / 404","length":"139","responseTime":"0.447 ms"}
{"short":"SNe7Qx7sluGRDge8wsTCQdTobkkQnnH7-Npglq5J GET / 404","length":"139","responseTime":"0.257 ms"}
{"short":"RiY06d153Kk9LPcfbFy808qR64dEdxKx73a1WBeo GET / 404","length":"139","responseTime":"0.466 ms"}
{"short":"KRQ-oD0ZAI_fQn2qgi8KTf1UnKpBH5Rq5w-sv5P_ GET / 404","length":"139","responseTime":"0.444 ms"}
{"short":"q8jGLEP4wor0Zk80kxmCuvPBQPHHZGB61j4KFSSd GET / 404","length":"139","responseTime":"0.392 ms"}
{"short":"skbIJHhkxnyMxg0eV-Ht7KdYbevEOtHB3uYliLu6 GET / 404","length":"139","responseTime":"0.409 ms"}
{"short":"Yx8WDBpGEHh_WGpWuZmmpLMA52mdasvF1Y1kpeXs GET / 404","length":"139","responseTime":"0.442 ms"}
{"short":"fcHJChY0lLe7rdF4qsb4IzlEJFbwrFbTvw1Mxl1a GET / 404","length":"139","responseTime":"0.216 ms"}
{"short":"0B4iiO4kdu4KxZVw2MLb1AjaxtnFwxsxIj2WhH67 GET / 404","length":"139","responseTime":"0.254 ms"}
{"short":"159_FCtyJBK0fDjVUj5bK5lft4x5sV7-6w-dZ9yx GET / 404","length":"139","responseTime":"0.328 ms"}
{"short":"NDKuQZ9G4U4rzQ3kLbVhHOJMKu5rnKBoSnCS9dGd GET / 404","length":"139","responseTime":"0.225 ms"}
{"short":"XB0LqIe2DYymPdzTTqw1a2g3DnNstfJPjGKPk6u0 GET / 404","length":"139","responseTime":"0.461 ms"}
{"short":"gdiOISOMdNMj2pGS_iOBUYVZJ3Iq2vt3RR6l8FfL GET / 404","length":"139","responseTime":"0.405 ms"}
{"short":"EVRH3t1zjTg8DC4OOJkUE3UKBETo48_PxvOE-xhh GET / 404","length":"139","responseTime":"0.418 ms"}
{"short":"kjEc362WuC7LFMxx8A9CzRny4UeDqx0U7yhOO3KJ GET / 404","length":"139","responseTime":"0.392 ms"}
{"short":"hzVUwUBxZ3mkW_JAwfiD2_pjiViMDRhp0p113957 GET / 404","length":"139","responseTime":"0.416 ms"}
{"short":"pbR_eniSMq4ZWSnStycCt27a1n7rPgodCbupdhzF GET / 404","length":"139","responseTime":"0.395 ms"}
{"short":"URHd-prxQE5IsdncxGUZzzjvjCa9EVQnVANmAj-h GET / 404","length":"139","responseTime":"2.228 ms"}
{"short":"mFF_ctaVUDXWHvuIjJwPYNRO3BaT08-oLqAamjRE GET / 404","length":"139","responseTime":"0.399 ms"}
{"short":"tENoTdj7sgfBaG9gREI0ET-97Qqb1y8Atg8XPyMR GET / 404","length":"139","responseTime":"0.557 ms"}
{"short":"IEqJLquWa_SUNcHP6wPTcHG2wOqJshErN-3yGYbZ GET / 404","length":"139","responseTime":"0.260 ms"}
{"short":"MqgvvHRiBvs_H6qztFmd8kUVS0dBwjGu0CW0bbVy GET / 404","length":"139","responseTime":"0.399 ms"}
{"short":"2IO9wVRoeYXc5shLrIEM9EjBXLLzY8KjWfNVKb_b GET / 404","length":"139","responseTime":"0.524 ms"}
{"short":"Rs3ZTYrnU9hO1jMrhSY9D4yWhQDTns-d34h6X4ZT GET / 404","length":"139","responseTime":"0.856 ms"}
{"short":"-Ttg8cfbv_cXvPJcodf1oUDBIrAlOW8GVM8IOzcN GET / 404","length":"139","responseTime":"0.282 ms"}
{"short":"EsM6unNAXg9qosm2KhMaDzxI3hSiLoxqvkyLE6ju GET / 404","length":"139","responseTime":"0.485 ms"}
{"short":"leKd3QmE1lcs9x2-o79npsbOE9N6Pzd3zkmrqgLT GET / 404","length":"139","responseTime":"0.490 ms"}
{"short":"dW6_cOW9Fx3oaMrYb5oM6Lmfb70YI6AtbR9rw453 GET / 404","length":"139","responseTime":"0.356 ms"}
{"short":"GBE7Wv-kBNJEtNPQnyuQVVijQq_B5DEvQq4vETN1 GET / 404","length":"139","responseTime":"0.421 ms"}
{"short":"AO7ZycHkc4GflrCgvwpH7GbrunGEgno0qwhBllUY GET / 404","length":"139","responseTime":"0.437 ms"}
{"short":"KF1u4FbAVK_jgmGC_Fx_O7oe2G5PX1w7T3ybPqfE GET / 404","length":"139","responseTime":"0.828 ms"}
{"short":"GwWMBVlH-q1f-VnQ5Wlk-Xe4DKZsJzZbkNBsiGjT GET / 404","length":"139","responseTime":"0.199 ms"}
{"short":"i8fAs0Z1gNYMX7nODcRyjOF4nX6FnP4snVRD0Ekl GET / 404","length":"139","responseTime":"0.211 ms"}
{"short":"lTdoij0WqcysNf8AZYKdaAK7hmAP8RnRrpsRnlsO GET / 404","length":"139","responseTime":"0.252 ms"}
{"short":"jHG2M9TKm70OOvL9kpRXRopdGvPR7tB_hyMAy-BT GET / 404","length":"139","responseTime":"0.498 ms"}
{"short":"wOfzj0nDMAcqivIGaFFmdz0BESHdbhS-uovxncY_ GET / 404","length":"139","responseTime":"0.414 ms"}
{"short":"RWyQQLgiathDewI82Tv4bXDLXcBzli5M9QnqADvV GET / 404","length":"139","responseTime":"0.353 ms"}
{"short":"41sfqSAENvJwFtyR9grmGvTlvIiwIQognu0k-Fpg GET / 404","length":"139","responseTime":"0.341 ms"}
{"short":"Nlv-I5t8_cXFM8T-RlwtO0RPy8b1x3taqAADpQZ2 GET / 404","length":"139","responseTime":"0.398 ms"}
{"short":"ZHajP62kH30V0D9PzX8kWiGlJEQpMyWKOs0VztNt GET / 404","length":"139","responseTime":"0.322 ms"}
{"short":"KvIppDR_AunGDGIMNTNDhymug3ZfAR85aTAygJB_ GET / 404","length":"139","responseTime":"0.340 ms"}
{"short":"Bvgxisng6PhJwnaiARYy44nkZmnMvOf7bZMw-Ctl GET / 404","length":"139","responseTime":"1.640 ms"}
{"short":"Ic2_xaZCCaKRJ9ebmLgbRsjAIIzDywh93yb36dFx GET / 404","length":"139","responseTime":"0.352 ms"}
{"short":"rk8-gz8ewtILy1wIbPTzy5giO20wXgVXENw2zIkE GET / 404","length":"139","responseTime":"1.179 ms"}
{"short":"MhZPvAsxyzfdhCEYBnFnws8y4CAbHQ6ZPrM564Jo GET / 404","length":"139","responseTime":"0.314 ms"}
{"short":"9FKyI_LaXC0ItBZNDsjcsnqEimBXU_hw84HFx8Tg GET / 404","length":"139","responseTime":"0.529 ms"}
{"short":"-WwfpfBHXJtwke2BFsrzVn507XTBcmmCr_SuWlpQ GET / 404","length":"139","responseTime":"0.332 ms"}
{"short":"byBG1EboAUFma26Q_Z6JyjaN9LMYrVS-XHpKU34Q GET / 404","length":"139","responseTime":"0.387 ms"}
{"short":"W7rYwnc0buWTXBFSUUyoVWxSrRuDNZsmejzsTt-i GET / 404","length":"139","responseTime":"0.348 ms"}
{"short":"8dybDLtBb7-zTcwcYN0_SKrh7VDWe6hqEv4RWstP GET / 404","length":"139","responseTime":"0.427 ms"}
{"short":"ZAdlOU5rwOi_3lxlcWphOcWDl1Ba2GPiorgAPbKB GET / 404","length":"139","responseTime":"0.438 ms"}
{"short":"HPudJ8iMJ7CGubplBKnir-zvKMWfpfnsN2xR8_nM GET / 404","length":"139","responseTime":"0.341 ms"}
{"short":"wT_kvwh8pm7B4lNVPGN5_KNZS-WDGKI7JoMP7flL GET / 404","length":"139","responseTime":"0.419 ms"}
{"short":"7lxMJsIghVrweGKB693T_P3AvZD3z_H6KTcf8trr GET / 404","length":"139","responseTime":"0.448 ms"}
{"short":"s7cQFtDWo4KxXnb_G3FbmTScDJe-mhjFIyfvERWT GET / 404","length":"139","responseTime":"0.331 ms"}
{"short":"6nnoK_Twnmd71WCx-Dni-GWuQ0q2vj0xWBQh9zN0 GET / 404","length":"139","responseTime":"0.384 ms"}
{"short":"YG9Rt8fTV5CAXUOz_4KoTTJtdFDDQKhCH9K4Q36C GET / 404","length":"139","responseTime":"0.375 ms"}
{"short":"VQ5po0bmBT9UB4zU7fLZQ6vcPNxy9UOqCe8W8KBh GET / 404","length":"139","responseTime":"0.402 ms"}
{"short":"CC2olFvWPRXrJrxCwVQ5HEPzOZPemB4mOy0ZnOij GET / 404","length":"139","responseTime":"0.220 ms"}
{"short":"BvZ59w7RYVX3PrWPXCWBncJx7WHhCo0KRS8dWoFy GET / 404","length":"139","responseTime":"0.405 ms"}
{"short":"vm6-Pa4ij5mFurEJz66SE-qg7bpu7XavakG49GnX GET / 404","length":"139","responseTime":"0.457 ms"}
{"short":"QiWUxdCDn528kknsWRhMfSd9ROmj5zHAfNvkClwb GET / 404","length":"139","responseTime":"0.331 ms"}
{"short":"RAWIZpRZuEy-EuIFoTq53aCrumYWQi0xyAp5tiPj GET / 404","length":"139","responseTime":"0.340 ms"}
{"short":"8E_vk-uuAA_zDFEYbts1D5lfpyaBN10H1ffczaVZ GET / 404","length":"139","responseTime":"0.420 ms"}
{"short":"TAm_jZBdoTfvTBeGyg-CvVs2WZ_F3lLQuK2DubNz GET / 404","length":"139","responseTime":"0.432 ms"}
{"short":"vbxgj8hJavM_KHU_047zlik0tBAFpvs4hzf6o1cL GET / 404","length":"139","responseTime":"0.436 ms"}
{"short":"OBCdInWmbx2i_Wr368gOd3ZLba3GUg3dOCSPVHW2 GET / 404","length":"139","responseTime":"0.351 ms"}
{"short":"lZoCTf4akUiIrG7T5EX3lhYWdxTOBQqw_qdFrNCf GET / 404","length":"139","responseTime":"0.360 ms"}
{"short":"qjvoX1i0Sy46ruH__3cDPrWhso0gFEoNe-GFRe3p GET / 404","length":"139","responseTime":"0.537 ms"}
{"short":"ZamNDYeQJEZNPk78S8wgiL25CmKyfoHlCQ5dfSaI GET / 404","length":"139","responseTime":"0.330 ms"}
{"short":"KL4HivAiraUS58LgvqN1vv9zPQK9QAJrL1_fWWyF GET / 404","length":"139","responseTime":"0.439 ms"}
{"short":"6drDuEG_i9LirKzZJJCiIQP1eT_5jAPVvOp_Ezsv GET / 404","length":"139","responseTime":"0.230 ms"}
{"short":"Q5nxeWsYOq6OftZ_DnDvEWlQc8SYbG74dT6Girqn GET / 404","length":"139","responseTime":"0.210 ms"}
{"short":"evz4V4-vu8Id7ARdKyjcayyTD6vgAh7QxTLaCQko GET / 404","length":"139","responseTime":"1.011 ms"}
{"short":"6Cfek2zYEBLg7xyc4fXH1ot9QGwhN94vVgw904L7 GET / 404","length":"139","responseTime":"0.359 ms"}
{"short":"iC9bl3YxVhp_VUrXKfsM-QqqGljq8dC2QYsDEtUS GET / 404","length":"139","responseTime":"0.419 ms"}
{"short":"q-iAR2u3qVeUbbq1gmcemjOUHlQwfXDoFgmyFaS_ GET / 404","length":"139","responseTime":"0.477 ms"}
{"short":"vpbNbamQ_Ndeu0D3OBacG_ZJOFcrojVCxJmdhQcp GET / 404","length":"139","responseTime":"0.446 ms"}
{"short":"a_ULIdHfi-hGxT24UuzTSM604GG7MGBb9QsEwduA GET / 404","length":"139","responseTime":"0.207 ms"}
{"short":"0EohsHzbucD95sDjg4BqAyIoc9flQCg_1CQTn1Hz GET / 404","length":"139","responseTime":"0.400 ms"}
{"short":"KJV1yIi0h90p4wzne-96Lg89p8TaIWk9g3uKxKXs GET / 404","length":"139","responseTime":"0.257 ms"}
{"short":"g8T0oJjIm_YSebSxG3pdp9daoJAEpOz8HCzsTZP9 GET / 404","length":"139","responseTime":"0.405 ms"}
{"short":"Is-i4PnRwPYiBLprNRzqAsrXZdX3LoPc3aKrh9zF GET / 404","length":"139","responseTime":"0.568 ms"}
{"short":"WZfGIWF8Wgo67MP4mqCVARI83_B0xPpwpfFqeZTk GET / 404","length":"139","responseTime":"0.404 ms"}
{"short":"EiFqymXccf5GrhB79QrlwkVgKciIbZ3nIViRnDAC GET / 404","length":"139","responseTime":"0.553 ms"}
{"short":"3RIiYC44A4iYTvuXlIyXV27JMeK5CQReU2GeQae7 GET / 404","length":"139","responseTime":"0.401 ms"}
{"short":"Bu4YYQU1Y2rK_FughUkPFUNt-_SjZY_BsUDAy--I GET / 404","length":"139","responseTime":"0.356 ms"}
{"short":"1BPR2xMMSZaRTkjP0LMFek_4PSv5UZX-r_U84VIg GET / 404","length":"139","responseTime":"0.278 ms"}
{"short":"M7394QgiLEpHyYWDmKKYSJtiDS25LEhhpXyq5tsN GET / 404","length":"139","responseTime":"0.216 ms"}
{"short":"NcorRIko0naWcNt9mtYx3m1AD5F5i_36QbwrdlHH GET / 404","length":"139","responseTime":"0.413 ms"}
{"short":"EhITQxw75lI3HIAq1i3fZVamzmnPIOC85OHnijet GET / 404","length":"139","responseTime":"0.399 ms"}
{"short":"28kNs-kWAFAhAycU9bWY3iJ369jO9-PK-Zl8yzpg GET / 404","length":"139","responseTime":"0.319 ms"}
{"short":"JuQ8VJpwvIR46zCoDZxhVCf3iyTktqXOuPZzzmsH GET / 404","length":"139","responseTime":"0.403 ms"}
{"short":"pmKMi6u96Su1TiP0gasH5iMU22OlI0i6NvMbWT7_ GET / 404","length":"139","responseTime":"0.531 ms"}
{"short":"xK0r9lij8dckkwHiAwYPUgekYbcndxX43bkzfKmj GET / 404","length":"139","responseTime":"0.427 ms"}
{"short":"vxJt3YyxdWswyriRvtvxhVK0wWxAO0NSI9DRKGmR GET / 404","length":"139","responseTime":"0.431 ms"}
{"short":"J9TEm3aukVU8W_D4o7cOGCTQctMwY81aStppiqyX GET / 404","length":"139","responseTime":"0.272 ms"}
{"short":"iI0O6SVrh32wrmmxRQVIVLPZU_sUY8-FOi62JhEg GET / 404","length":"139","responseTime":"0.531 ms"}
{"short":"3RAglledxiuksgOjZbo8wNAJWG72GDSd3p1HSUGL GET / 404","length":"139","responseTime":"0.337 ms"}
{"short":"OKhtfE11zGPqz19R87OfopH2gygYfEB-WTbTwkWl GET / 404","length":"139","responseTime":"0.411 ms"}
{"short":"AorKCERJjipFAqgNWSJG1Tw_1TXkj2AbC-sZM7or GET / 404","length":"139","responseTime":"0.454 ms"}
{"short":"ACljw3B7vo476u92AaFurQcwHJscioL8wLIH1qiE GET / 404","length":"139","responseTime":"0.448 ms"}
{"short":"tH0fiYB27h03IPHrgw1rXYUAedCP_KFyaDXBcMzx GET / 404","length":"139","responseTime":"0.397 ms"}
{"short":"z55mAdkuokh9MmpUimS4XuSOrQHysevD9xi3ydIx GET / 404","length":"139","responseTime":"0.215 ms"}
{"short":"wOeJRhSbm8MRx_9UELOVKowurP3rRvaXlLw1hNH2 GET / 404","length":"139","responseTime":"0.403 ms"}
{"short":"a1tlPwF26LANykjd_qOzFkWOoTGPtogoxvvVLIJM GET / 404","length":"139","responseTime":"0.393 ms"}
{"short":"_2gD2UNHbq1ksTCewVrqwJJgIWmxKWGDGuBaS5jm GET / 404","length":"139","responseTime":"0.393 ms"}
{"short":"d0PrE4dXwaAO_kYYKyFqS2EVYWZdOf9IHJX3T6Ge GET / 404","length":"139","responseTime":"0.530 ms"}
{"short":"269vM4Cu1A2df9hoXTHoI3GaV2zyhN-_horL38_y GET / 404","length":"139","responseTime":"0.520 ms"}
{"short":"wJwowds3ac1Uvm0aHbhyUYvWaCtogO8n4imuQ6u7 GET / 404","length":"139","responseTime":"0.192 ms"}
{"short":"eM5WTqTqFV_ONodo3XT611ICDjPdeu1-bNiKwFeQ GET / 404","length":"139","responseTime":"0.270 ms"}
{"short":"QaBHs8UwpkZsEF9npxSw0p8D3byvem56jt1OCuqU GET / 404","length":"139","responseTime":"0.323 ms"}
{"short":"GoBzids7VMxUruK1O12mkaqr7c-F43qR2w6lbJ9n GET / 404","length":"139","responseTime":"0.393 ms"}
{"short":"whbIwxZDq1evinlakYXHUX6gXWCYoLZ1PyLre9VA GET / 404","length":"139","responseTime":"0.390 ms"}
{"short":"-QIdqj6NdjP1YghbWcELTTupI2l5MqqFalcPvDEM GET / 404","length":"139","responseTime":"0.394 ms"}
{"short":"CsXcASTNvflLHarGtjRsB40V7rHnHU_rFbu_mFJv GET / 404","length":"139","responseTime":"0.395 ms"}
{"short":"e2dtF9oQ4lmTs7lkGzsE-V271lO3i6wZcZNXKLxh GET / 404","length":"139","responseTime":"0.216 ms"}
{"short":"yQfg8zUdiS6-HfKVNdW3y7a3WdWGj7Uz_usSmVmD GET / 404","length":"139","responseTime":"0.405 ms"}
{"short":"-Timj-lEDnL4lF_top-QEzKm5ff6pdfSxrBZUHHJ GET / 404","length":"139","responseTime":"0.232 ms"}
{"short":"H9CtDm0nCKHexOmTY1fZoFTmE2ak7Q-Mtg-RDBVO GET / 404","length":"139","responseTime":"0.902 ms"}
{"short":"zOEYHdv-kdQttA68DylwZ_kv-SAHgwc_vvZxxKcY GET / 404","length":"139","responseTime":"0.299 ms"}
{"short":"_3jJOPvpuAxQcVL-zQ_AxS-8n33-UjTdRCc4OHJc GET / 404","length":"139","responseTime":"0.238 ms"}
{"short":"hybPtOkBQ4H2IB_MGr9oJkeibqfZtaYXwtbvfRB9 GET / 404","length":"139","responseTime":"0.428 ms"}
{"short":"yZuZfvqrt2TJDlffgt5hahcgVxlkOuXywoMxuaxc GET / 404","length":"139","responseTime":"0.434 ms"}
{"short":"0D3JrGw3cY0_PVK8uenOiTr6p0j1OQmyZHH5IQwB GET / 404","length":"139","responseTime":"0.440 ms"}
{"short":"EseyYxfvyhIjFAuIepQMYkM7hEtXuJbhrejUBPgV GET / 404","length":"139","responseTime":"0.408 ms"}
{"short":"4lwbuY8jNDHZtrgUf1wqKkhcDp1z-0aSulXSUCKd GET / 404","length":"139","responseTime":"0.333 ms"}
{"short":"Ubh6HbbDib9_hi406fcRG0xGZ2jvMDIUFdcIhGll GET / 404","length":"139","responseTime":"0.372 ms"}
{"short":"rEc-6v_9Fl3TPjLm70elKOPAt82S6Jco5khpOjgt GET / 404","length":"139","responseTime":"0.410 ms"}
{"short":"ilbZELMYfRItjmeUcA9otWnP-wB73_MtlFRUS3aw GET / 404","length":"139","responseTime":"0.358 ms"}
{"short":"2BmQA9BKvhKcI4xTAqFcyE8V80f0BciGpaLgYJIU GET / 404","length":"139","responseTime":"0.631 ms"}
{"short":"QTZtyJKr929kHnKV4r2sIyvJ04e2exX8i87CLvxR GET / 404","length":"139","responseTime":"0.446 ms"}
{"short":"cBAqGMq0cvbUA5Z5TrxxNqkIH7WHcHm-U0mTnTmP GET / 404","length":"139","responseTime":"0.484 ms"}
{"short":"gHvr7gM5-OUKYY2jra1_L8Izqk3J9oxEQ5a6ZkJF GET / 404","length":"139","responseTime":"0.441 ms"}
{"short":"VXGqN7OOyx5toftPLQN7rgSF2EWd_jBL40JAJYzs GET / 404","length":"139","responseTime":"0.369 ms"}
{"short":"KqUbbDCEL2UuL5DMggoqMdiaaqd1sVJQI_8pSH3F GET / 404","length":"139","responseTime":"0.578 ms"}
{"short":"DXyPV1kzpOxxExQjKhBekfIzi0CHbO47E211gDOE GET / 404","length":"139","responseTime":"0.202 ms"}
{"short":"Ra3Xr2r6y4x8_LHw2_4tdMb-nAoie35uvonHb7tH GET / 404","length":"139","responseTime":"0.390 ms"}
{"short":"445mAhhXwJ6pyaacxB9De7Tw2ToNDKLFGj57UZSb GET / 404","length":"139","responseTime":"0.329 ms"}
{"short":"3xlE80yWzUy6Mxz8LHSJe4EL1k-zLPUmVgDrURWX GET / 404","length":"139","responseTime":"0.410 ms"}
{"short":"Hkl-9nud6MyFCqAcZpYE1640kv5pUOdv2lc0oenk GET / 404","length":"139","responseTime":"0.340 ms"}
{"short":"KBHsQkjI7O6Bm-LstnAcqR07KM0vlbvmr3h6fAOf GET / 404","length":"139","responseTime":"0.536 ms"}
{"short":"xygb0Nh5dU5RiWdbbOMV8mReWRmAsgCsFBzMLHaT GET / 404","length":"139","responseTime":"0.407 ms"}
{"short":"L1RNgI0wtBW5-GZI28YdwHuX2EbV6cDMaO1wt8pT GET / 404","length":"139","responseTime":"0.285 ms"}
{"short":"u6wn2jUQTi1C8uF5uZ4EL76LqNQsLS9Rxbr3d1DI GET / 404","length":"139","responseTime":"0.389 ms"}
{"short":"3PvDw28ysVo8zTTO7D8cGF-LDCY7fipGiYB0jEpW GET / 404","length":"139","responseTime":"0.534 ms"}
{"short":"Vj8AmY2vDZ3Zf1kBs06n1G2OCIWPT29lmChphclh GET / 404","length":"139","responseTime":"0.397 ms"}
{"short":"XNMblhmXuka6Qk59iOxV3YhizNxvaXL9JU8rN3Ey GET / 404","length":"139","responseTime":"0.403 ms"}
{"short":"Yjm9SUhKOTIFTM_3-3pzOZIAtDDDFqjcyvbJuxZ_ GET / 404","length":"139","responseTime":"0.390 ms"}
{"short":"snLLfgtgVCwGvPa0sSS229Q5InwfsKgbGHAH6L5J GET / 404","length":"139","responseTime":"0.328 ms"}
{"short":"-6Pw7wRHA1g47on3s_YFXHDR-RHfOKX0G8_5R3wP GET / 404","length":"139","responseTime":"0.195 ms"}
{"short":"BzKknPpjnzr2kfIZNRTEt1R56CKpi6B3VD3lkUtf GET / 404","length":"139","responseTime":"0.322 ms"}
{"short":"dlzwC97QcuJPNTkkJoHyhC8He5iocsQ6L_vBAA-7 GET / 404","length":"139","responseTime":"0.242 ms"}
{"short":"dOZz7tDITAeKzPOXVFypAZ41UGiQMI0CRTZ_hIdJ GET / 404","length":"139","responseTime":"0.402 ms"}
{"short":"eFVgb9OwrJ88yyBfODWDO0TqMB9aqnVjNgjF4Ln0 GET / 404","length":"139","responseTime":"0.322 ms"}
{"short":"z1O0kajrZ2uBj6fXGBlmCuK-a1-Uk4_XLoufzelw GET / 404","length":"139","responseTime":"0.393 ms"}
{"short":"eZ-Pi43vn3q5oKQ44s5nQfAV55oF5fLG8CY286u0 GET / 404","length":"139","responseTime":"0.233 ms"}
{"short":"djTLxK226puRUh0PkvlBjQjiD4pjmUaYTppTwjIH GET / 404","length":"139","responseTime":"0.225 ms"}
{"short":"o7wO_hkLRZ7gRW8ejEXNLSIC-HAleQIV66MQA-wl GET / 404","length":"139","responseTime":"0.246 ms"}
{"short":"C_DfYtd6SQAlqbbU6_07nYvEk-QOcCqPVwO8u-S0 GET / 404","length":"139","responseTime":"0.238 ms"}
{"short":"B-GkrX10gXkBvldExdl6WO8X92aw0ELcpZBBJFD6 GET / 404","length":"139","responseTime":"0.215 ms"}
{"short":"8VonUAZnWQVQAohXrZvep7GHCtzq4_Lhpssqk9Im GET / 404","length":"139","responseTime":"0.359 ms"}
{"short":"KwjFuha4evygSrJZZG-zLdZVPz2IIvK9bIXv1xTH GET / 404","length":"139","responseTime":"0.386 ms"}
{"short":"KAOXNEQZKWUNfy8NJ24aeRMvEg9BvRkRgB7Tk3mS GET / 404","length":"139","responseTime":"0.412 ms"}
{"short":"zSh3rthlfLKvvrgOh_lBJMvm_MT8ELL0zTsMqlSX GET / 404","length":"139","responseTime":"0.452 ms"}
{"short":"VO-z9hJ4tiltpnCbmkrq54mfO4dJ6ytgUI2bwVHy GET / 404","length":"139","responseTime":"0.308 ms"}
{"short":"sncIYpM5OWlkdHtwPrJWHBB8yP2c_jT_BtUi8Q_a GET / 404","length":"139","responseTime":"0.221 ms"}
{"short":"2DDqvrpqOU-emUAtdNjUyhEG0f49NuG9MvRT2qxa GET / 404","length":"139","responseTime":"0.378 ms"}
{"short":"Mwmnc92wNsTXE_ysyjHOjVvB2sZQz86X1VS48TfD GET / 404","length":"139","responseTime":"0.335 ms"}
{"short":"kKNMf_rUh1hF9Tun90HvGkJ9aa4XqcoGV6i6G5E0 GET / 404","length":"139","responseTime":"0.389 ms"}
{"short":"R10QbheEhapo40EccuvAG4BO5oxfayDScbkhZXHv GET / 404","length":"139","responseTime":"0.508 ms"}
{"short":"MvH4s0FeKsN2-LQ9KNoPY_acdCl_Y5AuziehmBUv GET / 404","length":"139","responseTime":"0.389 ms"}
{"short":"g81syZPUbrpnrTZWK062YmvqtuKYzqmUt94zQ67_ GET / 404","length":"139","responseTime":"0.186 ms"}
{"short":"OMngkfPExCFJkpBkLKmNjBqyFE1-yzx1ZHSpSyCY GET / 404","length":"139","responseTime":"0.377 ms"}
{"short":"NaZ4jgUJWpgSvU4IMYr5pyX0pXsZZ_MZgRmbKglt GET / 404","length":"139","responseTime":"0.231 ms"}
{"short":"r6E5Yw3wZhBUNAX0vUbV7S-Tgj6QTQkQ8vjIJBHi GET / 404","length":"139","responseTime":"0.186 ms"}
{"short":"-iIZHGH59E-krWqhXQi-F-51Rd_xzBGCk4j9iMhf GET / 404","length":"139","responseTime":"0.394 ms"}
{"short":"ymeN2tqjr0yOPPz56Q6mUNHeIvknFZ9hbgYG-wfR GET / 404","length":"139","responseTime":"0.273 ms"}
{"short":"Bwa-wLVMe1n9SrANxsK84iccAJlf5kLACY7U7fj- GET / 404","length":"139","responseTime":"0.194 ms"}
{"short":"YZBFrWPxSp9OXWzBD12FWGRh4TWA-l_R6rC4Y830 GET / 404","length":"139","responseTime":"0.394 ms"}
{"short":"R44CtEA4KQ2wXMh3UAPG0ftoQK8VXC2aKgbQ504w GET / 404","length":"139","responseTime":"0.393 ms"}
{"short":"sAIJH_chjmEpp0GZ_vAxeucwHft-eZHK9qhReugf GET / 404","length":"139","responseTime":"0.189 ms"}
{"short":"zn3hGrXquTL-gQIbzYPR9cfGZKx6GgO1hdRMKCcy GET / 404","length":"139","responseTime":"0.265 ms"}
{"short":"iP2vupJ5fexAukp8uq9zv8OCCNLS6Zr7kXzDPE3f GET / 404","length":"139","responseTime":"0.497 ms"}
{"short":"D4zWsRD0_Bf_Ds9C1uVHv46PineCl6-NskAfxydy GET / 404","length":"139","responseTime":"0.324 ms"}
{"short":"3z6ZRUWornR07AJvQNTUY5jGNWLUqnGKGF6SeCG0 GET / 404","length":"139","responseTime":"0.431 ms"}
{"short":"99GRmFvsLLj23bb0-44VNm9Qntsc_uKV8vyJsz-6 GET / 404","length":"139","responseTime":"0.432 ms"}
{"short":"bkAR6JVgMxagXOiygAdR4NDRtUBtIF7R_Rc8gZKy GET / 404","length":"139","responseTime":"0.425 ms"}
{"short":"TohyFngfd3hUPPcHWKEZXsbi4AncFUxOwmsQbhNb GET / 404","length":"139","responseTime":"0.337 ms"}
{"short":"l_AP2lt202ArH_VkCT0OIt20efyUsv5Fjg2BtOSQ GET / 404","length":"139","responseTime":"0.430 ms"}
{"short":"yygX014lxSL14hOP6HAg1PUkw4Cbc7DS_HZgUtWg GET / 404","length":"139","responseTime":"0.234 ms"}
{"short":"re9vnCfei98cFYU6mxDqxuPVAShD1yyvWMC16byM GET / 404","length":"139","responseTime":"0.416 ms"}
{"short":"DerfF5Ypdlp_sFtiJE4j6UBtLn9YEBgI7S8xlOXU GET / 404","length":"139","responseTime":"0.435 ms"}
{"short":"luFDoYFuoQ8PX0SKOtkZzQTG48cc8n3LV9HuVDm_ GET / 404","length":"139","responseTime":"0.464 ms"}
{"short":"ucpCbtmuM_grV9ZO4dIlPv_qXkh6AuOZ1zvLXSzb GET / 404","length":"139","responseTime":"0.415 ms"}
{"short":"0WPGYFadBQ0Dx2q5Mqz7fgIJfWdbM2ewtwOeNocJ GET / 404","length":"139","responseTime":"0.415 ms"}
{"short":"kD-SWpr0Cc81BkcGQcmWQhput-GF2ZhTVR05VW1D GET / 404","length":"139","responseTime":"0.216 ms"}
{"short":"3oGKow68Eo20skt7jG_Y7J_V3yfWl8fSVVszH6D3 GET / 404","length":"139","responseTime":"1.564 ms"}
{"short":"df1Tg_5IDBA_htg7rweyBCxb_66yxF4PFPMQoNtC GET / 404","length":"139","responseTime":"1.494 ms"}
{"short":"0aGpVw0N4LGJucVZW5pUO7L95xNRTBRjHNvt9XFm GET / 404","length":"139","responseTime":"0.365 ms"}
{"short":"PnlV-8189j_fl9ZP92jAucq8_vbkrKx1Vjbs1wU7 GET / 404","length":"139","responseTime":"0.877 ms"}
{"short":"eNFyeEQiTINZB4z_3iJRMSmv6uKkIzmS09Xbc0cW GET / 404","length":"139","responseTime":"0.231 ms"}
{"short":"FxYXqAyKzVnw3QPQ9dWBv6fZtTlx-cqDX0kAvHH3 GET / 404","length":"139","responseTime":"0.358 ms"}
{"short":"qdAdGRwUckCmjbqTCokEU_jdLhW6kc0y2VFde7au GET / 404","length":"139","responseTime":"0.222 ms"}
{"short":"cA4k08_VRQM1_VzCtpP0L2iYb-nynHVeF7Eyk6pf GET / 404","length":"139","responseTime":"0.222 ms"}
{"short":"wgNGENqA8X30UV3bXXba34lmj05wWbBj2eZBBhTk GET / 404","length":"139","responseTime":"0.395 ms"}
{"short":"SDXzXnH6SISQ7Xc6QGR64dRsTjGZ6dZkcEvLuVNe GET / 404","length":"139","responseTime":"0.550 ms"}
{"short":"BrZcrJ69ubx5qTpU1C0uIJoRx-4vKACTFWzRfjDH GET / 404","length":"139","responseTime":"0.457 ms"}
{"short":"vLPY4snQiyOBf6MXXgiznKTsm6nwoki_YYnHephZ GET / 404","length":"139","responseTime":"0.284 ms"}
{"short":"T3AA_91PASOrTmKhJ2CYCr4vfn7b6rtS9RWDQ_SD GET / 404","length":"139","responseTime":"0.731 ms"}
{"short":"MztKMRnNIUzlr7AxUFGgVuz6zbtLsI_ALdw0joTY GET / 404","length":"139","responseTime":"0.521 ms"}
{"short":"cyZvtRc8TZzCBa63Ixh1FBIjMhSEqKgocyZLKTqr GET / 404","length":"139","responseTime":"0.664 ms"}
{"short":"k1fbwRQMlaWxSz8rAAs9NR1027uhS0nX6CD-6Bal GET / 404","length":"139","responseTime":"0.255 ms"}
{"short":"WCNM7ShoTXqgv4hl9Zr6okNcmMCrnyaYjY3lH_tF GET / 404","length":"139","responseTime":"0.272 ms"}
{"short":"cUV8Lx-nPGKIIDMctFSIuK01AoHjNfOxxCbcmkee GET / 404","length":"139","responseTime":"0.421 ms"}
{"short":"PhWr5MxaHMYAQvZAK9dbeKp48ehAlVZZNHJlrdrH GET / 404","length":"139","responseTime":"0.309 ms"}
{"short":"GGK5zJSSFCbN-5u6RLyMqAr37Hw96OsiGAKhxyhB GET / 404","length":"139","responseTime":"0.255 ms"}
{"short":"drK6f3IaeAGLJSdmx1IjzmtWObE6hhaQkh7gxq8j GET / 404","length":"139","responseTime":"0.231 ms"}
{"short":"jQZzjlhL2EdENxqIMxS_wc7HO12y8tsPkWgiz4zA GET / 404","length":"139","responseTime":"0.440 ms"}
{"short":"znFOIdLm6RxgMO_Z-2eM18dHEXuyyUmiVkycYtlB GET / 404","length":"139","responseTime":"0.430 ms"}
{"short":"yrjbovkPo7jKocPHyfWOQzy7PXDSi09BvhnHm4OU GET / 404","length":"139","responseTime":"0.357 ms"}
{"short":"yYRZ1CNCpTPAIB0ff2orMyRGdmGfplENDHgnszMY GET / 404","length":"139","responseTime":"0.478 ms"}
{"short":"ic2D1P1-iM2TG2QRxeO6V3emt4xetcCNj5Po7dBZ GET / 404","length":"139","responseTime":"0.340 ms"}
{"short":"xls0ObAei-VVYgZN8i1EY0SIFwx1wLtSvxrVyOvf GET / 404","length":"139","responseTime":"0.554 ms"}
{"short":"fqtqm48vRW4d8n1bkUS6pi7Xm_qwga55Xx_HGs0O GET / 404","length":"139","responseTime":"0.443 ms"}
{"short":"4vFM09hkIVtUpuulrmkwkJsUv-VTKtYTUkNK5dfC GET / 404","length":"139","responseTime":"0.389 ms"}
{"short":"we7FbxX6L_ooBA92XxV2T8MGnlDqzwJq82XZ7H2I GET / 404","length":"139","responseTime":"0.263 ms"}
{"short":"NpIiFaMynCQFYqEBMnEhSwND_qYKEYU0BoIn4b4R GET / 404","length":"139","responseTime":"0.322 ms"}
{"short":"xNGM69Eqs-2PR3QjGRzATAJaHN41QDDcMJapZGYZ GET / 404","length":"139","responseTime":"0.332 ms"}
{"short":"Uh-cvy_59ikdAwIf1sRUXHWBT0RkoRuxyd3rrkOf GET / 404","length":"139","responseTime":"0.226 ms"}
{"short":"jztlaY7txuBSXCyTz3ps9i5QERerP9ZISwJvrEK_ GET / 404","length":"139","responseTime":"0.470 ms"}
{"short":"mt-RI_2TPoCRrDnUcLdwIfXtu_BwL4_QcDxZFr6o GET / 404","length":"139","responseTime":"0.323 ms"}
{"short":"k3PekBD9IHzW9vf_CF25rfRrdKH4TfokumcGIzKd GET / 404","length":"139","responseTime":"0.318 ms"}
{"short":"ORW2VsakQitMU6T_hBD6BOH13z_w3m8Dq0BqB9V1 GET / 404","length":"139","responseTime":"0.254 ms"}
{"short":"wm3FAhOYLsKcP2nxiiHduCQh1nNwkvfhAyd2HXIF GET / 404","length":"139","responseTime":"0.328 ms"}
{"short":"IRikEt6XZuJyVoYpCAA-cVfF_AkD3s0EpI7rKQo4 GET / 404","length":"139","responseTime":"0.418 ms"}
{"short":"KaEhByEQ72NHAEfhq_wV8AnhXSDJ0uJQIPGrloAW GET / 404","length":"139","responseTime":"0.439 ms"}
{"short":"XehSoqEc1jLPNppkjNjRKQEISDYLjp3fLMFkQXDz GET / 404","length":"139","responseTime":"0.194 ms"}
{"short":"qb4wRoY75ZBfTcWJmMzvhL-wI2rQKQxZOQ_6Jjko GET / 404","length":"139","responseTime":"0.333 ms"}
{"short":"VJy59eroqAE74Gb6jOi46hM_JSrCJhKq5apXTMGb GET / 404","length":"139","responseTime":"0.219 ms"}
{"short":"DNp4OOSqfSmOIc_-KI9qLra2NulD7cOXJRt4YyY9 GET / 404","length":"139","responseTime":"0.284 ms"}
{"short":"2N_h5YYoSKvgokJWcI8dnXeDmCJJpHwOpWao30wn GET / 404","length":"139","responseTime":"0.337 ms"}
{"short":"C31UUgA7f5hZki9rLX_hd4DbMHl75cDZEPmSfxTk GET / 404","length":"139","responseTime":"0.345 ms"}
{"short":"yUIvUyZxHhVQ-P-88GxSxk3RKZ4oSXlE_54fLz87 GET / 404","length":"139","responseTime":"0.207 ms"}
{"short":"fhuL4w33LBnvWQtlyVu-GsHk2cqDkdkZwZ4PmJbe GET / 404","length":"139","responseTime":"0.745 ms"}
{"short":"98QAwBV_OflDVbTBR9CHg0Az3cMLGjrFEysjVBEr GET / 404","length":"139","responseTime":"0.235 ms"}
{"short":"7ALg_ioyy1W5lR2k5fK8N1jOx4r9Em76xkoQ01Y7 GET / 404","length":"139","responseTime":"0.367 ms"}
{"short":"TFOCl-NLhJ6VAPP3R681UPtlEREpUDQSTuzvUJYM GET / 404","length":"139","responseTime":"0.338 ms"}
{"short":"blGFSpcWM9ng_pf-MrvGQ46yG6FlwNunvV-jhjEo GET / 404","length":"139","responseTime":"0.433 ms"}
{"short":"Pm7ybw4ZN8Vc5t3N6ukVEkuHXZkXthwGPlYwsy7K GET / 404","length":"139","responseTime":"0.405 ms"}
{"short":"MG4GWp2jo82ukQihN6McOQbFf1xM_6gGqGaO3s8v GET / 404","length":"139","responseTime":"0.361 ms"}
{"short":"mmVvRCCcCscjypqJjTHf671T_fXtniSFqt-bMkHX GET / 404","length":"139","responseTime":"0.387 ms"}
{"short":"KNa-uQ1MH-6NftHwpTD_SYj0Gp_qImdF7kJJleZR GET / 404","length":"139","responseTime":"0.406 ms"}
{"short":"bI8RXItVI42BLmvSuvW9GNzF59PXElFMZ2cklXzE GET / 404","length":"139","responseTime":"0.686 ms"}
{"short":"ueYqbug2azr36dSWf2lqp20L3QL1RUcLsNtJVXAX GET / 404","length":"139","responseTime":"0.462 ms"}
{"short":"cw3ieFcUb-wxa6ky4kO6MopvUiIv8vrdnFi8X-q9 GET / 404","length":"139","responseTime":"0.275 ms"}
{"short":"xUEbzz9880deB0DvmAgY2k3ztkSY6Vz2ha6WifnO GET / 404","length":"139","responseTime":"0.451 ms"}
{"short":"72Reo_MvipOWPrf4whouBVyjm7lFWoh4Rqzt1clP GET / 404","length":"139","responseTime":"0.335 ms"}
{"short":"cgZjhEXnIhNapisNK5SCspCJq4jhLNreYxy6PTHZ GET / 404","length":"139","responseTime":"0.328 ms"}
{"short":"nSyM4yGI-9n6MJBVpJygmvDH1a59gAeVMNKhSrsR GET / 404","length":"139","responseTime":"0.406 ms"}
{"short":"Ix9-z3T3TFTazCFAajiroi1GXmIAhWZ8V-T6wrR- GET / 404","length":"139","responseTime":"0.261 ms"}
{"short":"fV38Cq_QRShRkCrCNR9Pe3Gi1NSTUEHwkz02oMWH GET / 404","length":"139","responseTime":"0.201 ms"}
{"short":"nmjpQ5WgX1Te91m5nxOy_39_g4hg5AcJy_DwpRgh GET / 404","length":"139","responseTime":"0.415 ms"}
{"short":"foNaQeBV13fCi1vOZfIC8iFW8tmsQNaFYOU6WXyL GET / 404","length":"139","responseTime":"0.336 ms"}
{"short":"8xyKcaO0kRr4aBIkTUFC5YNXf1jdz8ylSw5Bs4sC GET / 404","length":"139","responseTime":"0.664 ms"}
{"short":"ZwUJ7wDucIHUOlu3xJKU2JGXCPCZEs6TSp36Hnk3 GET / 404","length":"139","responseTime":"0.397 ms"}
{"short":"DynVLaeJyWgPwGLdPdefotSoCNHiPxnqJC3KefbU GET / 404","length":"139","responseTime":"0.324 ms"}
{"short":"Mn39KdVq7iV_LIWJnl55wgCfENpZ6iw5tQvi9EI- GET / 404","length":"139","responseTime":"0.401 ms"}
{"short":"cQbQ51BLV0Ogzvm8YNk0JWNSYFYXZ-iB7dOvjNk2 GET / 404","length":"139","responseTime":"0.400 ms"}
{"short":"dtkYA7_wHH8Mh7KlWi3ZKvnYm8TWHhLe5i4t9Wow GET / 404","length":"139","responseTime":"0.316 ms"}
{"short":"tldiL9-Gs3J2sHFF5EKmIlmduRraVy1gMhj-03qd GET / 404","length":"139","responseTime":"0.327 ms"}
{"short":"eQTKIau9cmgP1YWsgYhCUmP3n64qsn4ahoVKSm-I GET / 404","length":"139","responseTime":"0.414 ms"}
{"short":"tlQOaumBZnsdSTxISt-da-Vv3TauX9S2gf-WdyW3 GET / 404","length":"139","responseTime":"0.630 ms"}
{"short":"zFDNmP_pfdNyrMNbgxiz0-skWpFBGcdX9vTcuV2P GET / 404","length":"139","responseTime":"0.196 ms"}
{"short":"N8WZgGtbuj8v90TjPVphX2896IXTRQZvXaUy2v8E GET / 404","length":"139","responseTime":"0.372 ms"}
{"short":"ASdQOze73HJS6wLIum2UPIp1zRoyBfct4IM2AEmk GET / 404","length":"139","responseTime":"3.492 ms"}
{"short":"wKvyFM1At11yy1_7cMcEpSZDNl1Z5r2De_boX6VN GET / 404","length":"139","responseTime":"0.486 ms"}
{"short":"m_IxcW7DS1W520rIkxkQydZx7Sooa_7TrZBYA67Q GET / 404","length":"139","responseTime":"0.513 ms"}
{"short":"HL5HeEQwjC2ga7uMSzej4VHR9VSN1NH5RkJzok3x GET / 404","length":"139","responseTime":"0.194 ms"}
{"short":"sJF5IJQI2eL4aZ6N66F0II8HgEefk1D4wlANKzTs GET / 404","length":"139","responseTime":"0.222 ms"}
{"short":"DNe9bnHti2inzvnzrq32KEpc0NWXVHLvFJmebBPD GET / 404","length":"139","responseTime":"0.307 ms"}
{"short":"RVWV5iy2OnzS8nzcBDqS9D_qk3LWOyLDbm5Gm4f_ GET / 404","length":"139","responseTime":"0.413 ms"}
{"short":"W4A2awjCSoOCEIXGQ8P9QEEs1WnvWNk2I7hBgxKy GET / 404","length":"139","responseTime":"0.349 ms"}
{"short":"ncVN0V3oaEEJc0ag4hqZilp9lPPxjG_j48XBd6Q4 GET / 404","length":"139","responseTime":"0.479 ms"}
{"short":"s8DW9So14n1Lxm7g0UFnAXq-WwOxANX0yFvL2gKE GET / 404","length":"139","responseTime":"0.215 ms"}
{"short":"x1RADU7hYUFtzYx8_rmHSoI6nCWJT1EDpjNIlIgm GET / 404","length":"139","responseTime":"0.234 ms"}
{"short":"YVbYB_gYmtcXDNBiJAgj2yp84jlhrgADSoFX0Tud GET / 404","length":"139","responseTime":"0.325 ms"}
{"short":"utRwbzOeNSAmNvJDke6TwSoPn4BdfVjEOYxIXoEh GET / 404","length":"139","responseTime":"0.314 ms"}
{"short":"0ZjeEI2IhexO8kg_0beNDE4q44OYcEg5Iw-e09Wh GET / 404","length":"139","responseTime":"0.261 ms"}
{"short":"HvJycEDn07Am3s-dSclkZLBnX8tDTFEazOhCKoxc GET / 404","length":"139","responseTime":"0.324 ms"}
{"short":"oB_riQ9UDqX1b8oSGRUOskp0DAMm7kBYH9MYgZpt GET / 404","length":"139","responseTime":"0.380 ms"}
{"short":"SwYIfy6FQM71HBx277c8Kvwp97anP80cAaIKE96N GET / 404","length":"139","responseTime":"0.379 ms"}
{"short":"jWWChmnEyMFStitYJUFNlFlJRJNGtbd6yQsm0Yz_ GET / 404","length":"139","responseTime":"0.332 ms"}
{"short":"BYAtzRDfueGhFvoF5_RLeWbyT_lBuUn37xENjbKn GET / 404","length":"139","responseTime":"0.377 ms"}
{"short":"WaQP7RhAiaXLZrO0r4Y53T5tAKpeg4wdzr0OC0t9 GET / 404","length":"139","responseTime":"0.227 ms"}
{"short":"IlbLYSsvwgfNGTVUrmYq6tdWN6z-Qh4gyEBtj3Wm GET / 404","length":"139","responseTime":"0.413 ms"}
{"short":"7oeUrSIyKuW43lYt5o90uKusJSRZ0ReBPwgDBlGX GET / 404","length":"139","responseTime":"0.221 ms"}
{"short":"oweTvIahrF_hkG1GuU8rr60gtLpDjQwuphXnfY2R GET / 404","length":"139","responseTime":"0.221 ms"}
{"short":"OfgU3a7mCaito4F6Bz_4FaAXDe7UtfNmovt_ogTR GET / 404","length":"139","responseTime":"0.238 ms"}
{"short":"kWadK_lnFyjh9tqxBffKwPP-XtZuQIcwcKGZtHhp GET / 404","length":"139","responseTime":"0.232 ms"}
{"short":"ieFQ7MBLpJ4UmPrYaeSSjZYHkJagRI0zkE6j2MJo GET / 404","length":"139","responseTime":"1.981 ms"}
{"short":"msa7x3jlek9XbeXcwBSMNzlkHuKbaZ5jgHo7qSiv GET / 404","length":"139","responseTime":"0.541 ms"}
{"short":"BQWJwTbCTDnLaBweRiNHmcEhjO9igz0MXbZpcNdK GET / 404","length":"139","responseTime":"0.254 ms"}
{"short":"IBVJCg0n7wLlnsDPJ_3Wec77r0K0Jan7fklpcG6M GET / 404","length":"139","responseTime":"0.204 ms"}
{"short":"vz9Nwc9YdzTKiNPj8Wzyw2BI9YDEySWAHXeOR0QZ GET / 404","length":"139","responseTime":"0.302 ms"}
{"short":"b8xaZbrGTWa-UXbkJV6HuoSfQ8Xi1tVafIXDK2vJ GET / 404","length":"139","responseTime":"0.527 ms"}
{"short":"ByuZ8HI1P1k0MDZm0gnHZpxGjpuJyFIjZuvBjWMD GET / 404","length":"139","responseTime":"0.514 ms"}
{"short":"7xjXxKwaPsl21cLuchqaUgUq2D5RKvlfwDNHr2eO GET / 404","length":"139","responseTime":"0.182 ms"}
{"short":"9ScjkQhmO-D0lmRTx6iM0YKuZUoN7cN-tABOn6ot GET / 404","length":"139","responseTime":"0.498 ms"}
{"short":"EowlTs85_XMTse60ptwwIZWlXHtnJe0A9LQnbFWs GET / 404","length":"139","responseTime":"0.209 ms"}
{"short":"agu4-mHa8PpZ9Up7sVbj_G_yF2eq6vHWTeJIOxBq GET / 404","length":"139","responseTime":"0.381 ms"}
{"short":"j0I0P_Lr_ybuRppp2uD6kwQehb8WnZeCVn1yKqW- GET / 404","length":"139","responseTime":"0.378 ms"}
{"short":"EKlHcSGrhapu48klCpNGkHwlJfe4YTX-1YR0v71O GET / 404","length":"139","responseTime":"0.495 ms"}
{"short":"M0v0q2gk-9B1L6a7RFC4J8s1xGCj03oh91XqGE96 GET / 404","length":"139","responseTime":"0.316 ms"}
{"short":"LjeL0Fd45zzKQmtuyt-aLS3zj8txhqOajvzMC1i6 GET / 404","length":"139","responseTime":"0.319 ms"}
{"short":"W3n6vDkgXpeCq2PYqsJ_NR3pzkwD45Z7g6Hp2doh GET / 404","length":"139","responseTime":"0.236 ms"}
{"short":"xvr1zT69pKqkch5J_5jkkmBt0f01d9RN-p4aFtTb GET / 404","length":"139","responseTime":"0.320 ms"}
{"short":"18_1Kt4t6yzMcLo8dWUmcicuMQUe5rOFDgMDBELv GET / 404","length":"139","responseTime":"0.232 ms"}
{"short":"_UJ10GKZkgvEQJdkXeTNIoS_Qq4AZJ2lxsa7M_na GET / 404","length":"139","responseTime":"0.378 ms"}
{"short":"iP2mTwF4VsC28yYSzHirHZZxeD8N2kfKvWVEFXJ1 GET / 404","length":"139","responseTime":"0.310 ms"}
{"short":"9KiHztL71O9bQGN5YnOvsG95nO_yrqBG6AJ7J9Qf GET / 404","length":"139","responseTime":"0.373 ms"}
{"short":"nz0QbQqiGkK4afOr5xPlroGhPczNYCCXhUpaLWwh GET / 404","length":"139","responseTime":"0.212 ms"}
{"short":"bJ_H6renIeXwlbwR4ybZhgx9N4ASURLyQa3pJFWb GET / 404","length":"139","responseTime":"0.383 ms"}
{"short":"wWNtKgevP7oxgxOX6WAzXqCUBQexLPGLvO4-5JAO GET / 404","length":"139","responseTime":"0.415 ms"}
{"short":"OLh1l0uaS7DeEfHWe7nMCoKFdGdmme1gRGpp3qTT GET / 404","length":"139","responseTime":"0.315 ms"}
{"short":"bM6VDJs6dZhFrlSYPLGLYo4AUycMiTDb-VdzMXPs GET / 404","length":"139","responseTime":"0.546 ms"}
{"short":"lCX3AtEUUhh-d5C6Pqbgrm0V-E1RgnK5rKJVece3 GET / 404","length":"139","responseTime":"0.234 ms"}
{"short":"7IUz0X0OaXYyt0EpBijcSisOyHKsJinq9SUafXsW GET / 404","length":"139","responseTime":"0.577 ms"}
{"short":"KvWcazOvFbmxNqt0RdvoKsDtY3pAvvDeJmsb8scH GET / 404","length":"139","responseTime":"0.246 ms"}
{"short":"eXM4uGYj-7-E6tGK8rbV8ur6DYIrsH7S6wZUZHyl GET / 404","length":"139","responseTime":"1.815 ms"}
{"short":"gjyT91KiUQu4qRIOIDDfKlaLJGjmoiy-qvJboOtJ GET / 404","length":"139","responseTime":"0.199 ms"}
{"short":"tJ0YGnpM-mBgp9jW5P801FgDOOHtlXIqomx9gHUT GET / 404","length":"139","responseTime":"0.275 ms"}
{"short":"V2n6GoErazvpGClC_-z7MEycVJ62QxGIHL8buugP GET / 404","length":"139","responseTime":"0.384 ms"}
{"short":"GGWMuU-GkQJglfth03oOMi9Sbtg-8FC0Gbgp_AJw GET / 404","length":"139","responseTime":"0.378 ms"}
{"short":"RlW-w8YMKSE9wHFHyv1-qZC2v0f6n7KRCQCnNa7M GET / 404","length":"139","responseTime":"0.320 ms"}
{"short":"fe9C-EhbKysLe7BLvDsTIH8iAEjLtx6MRG93hm4k GET / 404","length":"139","responseTime":"0.220 ms"}
{"short":"dE0IsuG5A1vnmdc3In3zzlFWXLqEIPcIKkf9b6IR GET / 404","length":"139","responseTime":"0.377 ms"}
{"short":"ULTc6L0KhFa3F3MoqYDkgzGdTgegUsRHcQ57CkAL GET / 404","length":"139","responseTime":"0.384 ms"}
{"short":"OMiIr2JJVkVq-aB3sYe7osHnJDyCFs9Zj0WNkapc GET / 404","length":"139","responseTime":"0.372 ms"}
{"short":"ithRDGQoZhtj2jYDl5wpJB2kCE1v6QL72aQ_eb24 GET / 404","length":"139","responseTime":"0.369 ms"}
{"short":"uH1RD3Xsb4iPSplJH4M82N3jnyrqTCNf-E-IQOvx GET / 404","length":"139","responseTime":"0.459 ms"}
{"short":"_uCb0mdCqoEkXUfcn8mc6Mc1N2Vf_LVQyiytI-3D GET / 404","length":"139","responseTime":"0.433 ms"}
{"short":"3NDKfZqKhHrZHVjO5s1uaQ3K-aoJe7oF_HS1BEbN GET / 404","length":"139","responseTime":"0.602 ms"}
{"short":"SmK2K9NYX5aOMR-o1p4Cn--dM4279tcnLBws6Wk9 GET / 404","length":"139","responseTime":"0.300 ms"}
{"short":"Vx9rL_ceh8MwuHeN0LM6E0wN49-KNssIk6IX27ta GET / 404","length":"139","responseTime":"0.372 ms"}
{"short":"61pNpeZeXCGIKCMQn_XsH8sBsktlPWtVKEN_vQTC GET / 404","length":"139","responseTime":"0.223 ms"}
{"short":"ecZcb1D4fqrBjIFbANymyREXtKECVVsrRDzodm3J GET / 404","length":"139","responseTime":"0.321 ms"}
{"short":"72CIJZ2agSP1WMCGhpt7aKh0FFnu10JxfX1eEZHy GET / 404","length":"139","responseTime":"0.747 ms"}
{"short":"YPtryGZ-dtlKVFXMs4rl-4tU3WHn9kBljuDpKrCC GET / 404","length":"139","responseTime":"0.287 ms"}
{"short":"8fdywHMJpodDq6Vu07jY8YdNoB7GuF8dVmicdFMR GET / 404","length":"139","responseTime":"1.351 ms"}
{"short":"gynzx7Ql3onQdvMC1wmik9kZge-MYKuRmzSO-1NO GET / 404","length":"139","responseTime":"0.393 ms"}
{"short":"hBYxUeuvfrz4kw5OGc4QzZ9CP8rXfJGbYWzLuGgz GET / 404","length":"139","responseTime":"0.328 ms"}
{"short":"TX_vvuBCDhYuQR0G2j45kGruRtGU0qZyuF79745O GET / 404","length":"139","responseTime":"0.270 ms"}
{"short":"-tYkkdDZ-dl6DvnMjT4SdDIfelUHJQTo7KsnvT5w GET / 404","length":"139","responseTime":"0.266 ms"}
{"short":"4JDsmTuIKKz3rhFC_PFK9aXpvOcoWLJP4avGQq0u GET / 404","length":"139","responseTime":"0.257 ms"}
{"short":"hAHRJ_c5rU0biZCjYmZhAtDEqYTA7icZpsOWqnF- GET / 404","length":"139","responseTime":"0.272 ms"}
{"short":"h553teQW-VJvogUDQLmaVnfmOhuq9gNpyfuiDcCH GET / 404","length":"139","responseTime":"0.302 ms"}
{"short":"j3S9NMT-rJUBSea4Aw-CjhzZWNLaG1IzNv3iOnAg GET / 404","length":"139","responseTime":"0.404 ms"}
{"short":"CDer0CwvLbs5BCrh3nGkIBxOtYEyKisMudIg8U3y GET / 404","length":"139","responseTime":"0.433 ms"}
{"short":"kffYGwrXvkB75WTTmAWX7c82JACoXWFhp-MTg6yJ GET / 404","length":"139","responseTime":"0.338 ms"}
{"short":"HUP6CjX9v0g29Hf_0Tz_MROZjMTxPrINPlePpiQi GET / 404","length":"139","responseTime":"0.424 ms"}
{"short":"r07R5biMoGkogjY8zhBs7O4zulXwC165u3AkBt_H GET / 404","length":"139","responseTime":"0.220 ms"}
{"short":"ZZ8tgpTtRauHWvrARJZ52FO9KmHqRt8IFY_DlIr0 GET / 404","length":"139","responseTime":"0.297 ms"}
{"short":"IY-KaqDP9ZDDPN4Flj0e972fH2hn7tVxWzOMZrJi GET / 404","length":"139","responseTime":"0.494 ms"}
{"short":"wPiOrJD-mCj0hx9RWEZUd8NyDbPRyVQMOYO1_qB6 GET / 404","length":"139","responseTime":"0.660 ms"}
{"short":"uuuzmLTdznwSo_8E8964RgIo-R6H8Z2b99JGUgGz GET / 404","length":"139","responseTime":"0.510 ms"}
{"short":"_mDWLxJ7uL05RdQk3e2GKknEEYc-4sjREkK_KnKr GET / 404","length":"139","responseTime":"0.368 ms"}
{"short":"whRRaNxYP3BqeCaeOalRWKfURGm9xS_3mCGTxb2B GET / 404","length":"139","responseTime":"0.364 ms"}
{"short":"K4HEFiaEqBw7GaDUVkZ5oz_sXd6cppGA5EWoUI1Q GET / 404","length":"139","responseTime":"0.331 ms"}
{"short":"GMxsj7IRKRgy-_MqbcMmMwhLWu5yZxvMEA4fvwEx GET / 404","length":"139","responseTime":"0.352 ms"}
{"short":"NDVDZm3pch-3MFpNnX0SYMvoN4JMVoA3yQW2h0pQ GET / 404","length":"139","responseTime":"0.401 ms"}
{"short":"-kZRF_W7YSgyXRBQJTQqVkfH6mMZtCNBOvzlfzIT GET / 404","length":"139","responseTime":"0.414 ms"}
{"short":"Fg4av1NBI8Nw1JvcRt5cCzeQ5v3rV8jS2IZNlGp2 GET / 404","length":"139","responseTime":"0.287 ms"}
{"short":"Zh_afJHJWCMQdPjs_bvjQMOFdqvaFHeSto0EwLcO GET / 404","length":"139","responseTime":"0.185 ms"}
{"short":"eIfGulTZIjDUG7LzqR8PlEkrxbKXcCNLeZDCR6R9 GET / 404","length":"139","responseTime":"0.309 ms"}
{"short":"FVks0Qc3cIHxnwOvaYjBU9mAkQiulH9NzZgu9dD8 GET / 404","length":"139","responseTime":"0.288 ms"}
{"short":"eEiTQEXt628L3md2UFTpESqB7yu2EDNnK7hkNMgw GET / 404","length":"139","responseTime":"0.323 ms"}
{"short":"upU-2zpOBMw5L3pXmA7kIdZZSS9NwF3eZ1_Ajeo9 GET / 404","length":"139","responseTime":"0.206 ms"}
{"short":"c80aoW2TK5mS_Ihsx8TB1ltGzpmNHb9epCJ0rdyv GET / 404","length":"139","responseTime":"0.294 ms"}
{"short":"ZiYx7IUpfRqB3lofAA_CDqCC07Vd8g7qm8pacaaR GET / 404","length":"139","responseTime":"0.241 ms"}
{"short":"r_DtCvLgtUunWh9aLDrkcA4LxTyR2eBDJQCk8Rcg GET / 404","length":"139","responseTime":"0.301 ms"}
{"short":"lwwTDFRWpM7tFZGs4aoAYKyLGIANGtdiHy3CtPJg GET / 404","length":"139","responseTime":"0.296 ms"}
{"short":"3HZQQUlbz7dpMl2t1xlV3q_04Z7Ko0mnfWEJ20nC GET / 404","length":"139","responseTime":"0.379 ms"}
{"short":"nC7MOJZDmqAmXuXBuWOORsqDut8O9Mefn2out5OU GET / 404","length":"139","responseTime":"0.254 ms"}
{"short":"EvG5M36J7TMSxdxB6_NaqTO3U06XwnS8DgShEhg1 GET / 404","length":"139","responseTime":"0.373 ms"}
{"short":"9o3X6Aj1dIwUJ_mY-dS0pjaj5CG4B9O6UTOf8xw7 GET / 404","length":"139","responseTime":"0.372 ms"}
{"short":"TVStRogWWrBUVWMrUfQT6oZNC7I64rDbyNqnvd7Z GET / 404","length":"139","responseTime":"0.415 ms"}
{"short":"GfyMD73Mg7c8Rjhnvq9lvS_zJfsPSyNYuouZxJxK GET / 404","length":"139","responseTime":"0.225 ms"}
{"short":"I9PInOZL-uLAz8qzXxTv7iEZ2Kg0QRcX0nbkuzu5 GET / 404","length":"139","responseTime":"0.257 ms"}
{"short":"eeJ1Q1lBvsetV2lAuv7Kg9YTzPtPBWAFtNa_rKcK GET / 404","length":"139","responseTime":"0.367 ms"}
{"short":"wVHvnHZqBdsXgVw-9duCtuR6HuSyJOnOtX_L45U3 GET / 404","length":"139","responseTime":"0.279 ms"}
{"short":"5gAU9fBLCzu3RtADiXe_tgpLftaeCJXUfY9HgBak GET / 404","length":"139","responseTime":"0.365 ms"}
{"short":"XQo1je99NyjLM_4OHUEfx-HO8NzZ19n3Pel4zEo4 GET / 404","length":"139","responseTime":"0.531 ms"}
{"short":"OMfFsfoism7S4ctJ-Jf-kB5JDIbwMSVRGFbAQ6dm GET / 404","length":"139","responseTime":"0.173 ms"}
{"short":"nv8FHQbeiakP09OpA5Bpsm9rONzos1kAdKGmdjXW GET / 404","length":"139","responseTime":"0.433 ms"}
{"short":"wPNoHXL79vJ0x8q-lhyDmbLF4612wS00Ah8uUMHT GET / 404","length":"139","responseTime":"0.368 ms"}
{"short":"lY9d4J1rVSqaDKUAeAMN1MmWIhMZKXauNdNgNp6X GET / 404","length":"139","responseTime":"0.358 ms"}
{"short":"1uuAgC6pcsjq0FNxUiFgpeGXQBWkljaiEt-TvHZR GET / 404","length":"139","responseTime":"0.384 ms"}
{"short":"XV34PqnnVL-8jYCAthgLCr1M_Qy1M1eCa1IjSo8r GET / 404","length":"139","responseTime":"0.374 ms"}
{"short":"SrGQXb4Xw_PxjazMALvBgSA1_Gk1mOzA369LEqs8 GET / 404","length":"139","responseTime":"0.403 ms"}
{"short":"f-PBDj95uti3_hethdK7AtTZYqlh5SvgFKkxkuk5 GET / 404","length":"139","responseTime":"0.363 ms"}
{"short":"_PTJ1gJrsvPSUFGkD7HwjdzF7gZrBNyQgsihkch3 GET / 404","length":"139","responseTime":"0.365 ms"}
{"short":"ruSMsUD2FMunOnKxaPtYjborWBufohQhZBL-ZlNy GET / 404","length":"139","responseTime":"0.469 ms"}
{"short":"uarrN6eCwtxexzeipbC_Jp59WM1HeGxuo6-_XYCp GET / 404","length":"139","responseTime":"0.197 ms"}
{"short":"PkO32-jw4G53sVkKJEq5IHR1A8Mo2UorXpYtVpP9 GET / 404","length":"139","responseTime":"0.357 ms"}
{"short":"trcDx4kzCvItjBdR_ll37gyhxrGPRNh1Iop6EGBp GET / 404","length":"139","responseTime":"0.364 ms"}
{"short":"KosUwPBGuDyzpvEBqAWTJ_h2XC7XbzpCNUjnRgB1 GET / 404","length":"139","responseTime":"0.363 ms"}
{"short":"hTuGxwfYxO7cBHTvx7p9lPueWIFjrBMTPRFKsjYr GET / 404","length":"139","responseTime":"0.365 ms"}
{"short":"CQsEMiElpciypI9AjBmI8VWuzMApmkjqSSbXikQ2 GET / 404","length":"139","responseTime":"0.484 ms"}
{"short":"_U-U_T0jQvhJ_L8LDfT3Vee17VWKjNdI0M5FLBs1 GET / 404","length":"139","responseTime":"0.357 ms"}
{"short":"U4pA0mq6Zy98U2JJyBOrPNCwHsyaYYkbdy9fLjAL GET / 404","length":"139","responseTime":"0.363 ms"}
{"short":"93wGwNgY9bJ9Nunkv8IHy3q0_D_gi-uqlVuD8TA4 GET / 404","length":"139","responseTime":"0.422 ms"}
{"short":"Cs2Idiqh6yauNdNZLIReEVJDDZFSlBCd9AZV9F6U GET / 404","length":"139","responseTime":"0.368 ms"}
{"short":"btAwJSk9OYeAM-5jmvEREHmgzqiyc6kwmMq7AFJg GET / 404","length":"139","responseTime":"1.682 ms"}
{"short":"_UiHynRzx-Iha4-T3bcnwQbclrD2H5bhvwDSautj GET / 404","length":"139","responseTime":"0.462 ms"}
{"short":"AKL63OdEWExTCMdhw4O0l5eIEftBxBwarrME-zwt GET / 404","length":"139","responseTime":"0.195 ms"}
{"short":"x0Z8mmZA7cPGvlCliZ7t-C_RP1TK1ZLf3yZ6JOaW GET / 404","length":"139","responseTime":"0.173 ms"}
{"short":"yL6y5BRpW1zux1406TC2Fw6hwdCPRNUY85_K_GSi GET / 404","length":"139","responseTime":"0.165 ms"}
{"short":"9qpkgNLWqWnh0RS2EvxXPVDjQQW5lLPPougpxnB- GET / 404","length":"139","responseTime":"0.179 ms"}
{"short":"mDouyFmqQWblmhW4eBB-TXxpRWLSlOD7xKdGuP0p GET / 404","length":"139","responseTime":"1.326 ms"}
{"short":"-Dt0J-bHPyLt6rSJeRfcDEgL4QD3u1aa8dMpBXzl GET / 404","length":"139","responseTime":"0.422 ms"}
{"short":"SHG_0LcL7Z79rIxevn6AIfQ32dJk62so0hdFC6Kr GET / 404","length":"139","responseTime":"0.275 ms"}
{"short":"FVo3nBQR6zymSYcZUGXKRXgpZlswWyUXGO6qMEHn GET / 404","length":"139","responseTime":"1.106 ms"}
{"short":"4qRCMaOZZfwovisrtLj429c03pkIc-EsfTgMBU6Q GET / 404","length":"139","responseTime":"0.385 ms"}
{"short":"CyU26xSMUCbQtK9PDiIYIGKFbMLSBIY2VLW1d7Fr GET / 404","length":"139","responseTime":"0.327 ms"}
{"short":"2IJfCEp2DkY5VODGwg8jJpg1rG7Vof1t9Xv4G-CD GET / 404","length":"139","responseTime":"0.322 ms"}
{"short":"mEJoKt-hVmXF_-CQYiVHQ0r0eWJ9v737Qdlts4Xr GET / 404","length":"139","responseTime":"0.196 ms"}
{"short":"cW4LzwRFvCSXHIjxR1zkotDYG4-mPD-wVXwS8eWU GET / 404","length":"139","responseTime":"0.318 ms"}
{"short":"vnf4U-0T373hTP6z017yp4qRH2U7Az-7QXRqlyYr GET / 404","length":"139","responseTime":"0.380 ms"}
{"short":"-MbiWvdMLrnUU2uh7S0LSlAHX8sYKoeNpsF8MXQh GET / 404","length":"139","responseTime":"1.706 ms"}
{"short":"cZ4qSU1DVmCpuMHWVh3K9K_nVfaHftf2WIrIIruL GET / 404","length":"139","responseTime":"0.215 ms"}
{"short":"PoqbCzILXFKTVzcl5w3QlFZWZwrQ_6-ap8pwj7Ff GET / 404","length":"139","responseTime":"0.316 ms"}
{"short":"ZDcseTfo99MQlARNndiDQsUjPkEdeSGcJVpGYm6z GET / 404","length":"139","responseTime":"0.306 ms"}
{"short":"-OujJ0fwo_nMT5gQmjtG1WJTap4oAlu59mILQ7xK GET / 404","length":"139","responseTime":"0.315 ms"}
{"short":"q1b0mH1tpfK30RmWZCWF3cdHXYjS5w-JoF6u0Bvy GET / 404","length":"139","responseTime":"0.292 ms"}
{"short":"Pu4pt0Sx3_nC8yz1inYWUlC55gXh1IAUAXhyiawB GET / 404","length":"139","responseTime":"0.301 ms"}
{"short":"ZEUa4eZGq0u_4n-hVXOf3ZHYqF6vb773QPS89HTK GET / 404","length":"139","responseTime":"0.303 ms"}
{"short":"vPQfKEtOHfDLCxJVU7B1crFGcaPyZmKT5UNb2wLh GET / 404","length":"139","responseTime":"0.340 ms"}
{"short":"nOmAUWVO60OmUxYxCtYQ1kuhOZ8Z2R1EkaCu58dy GET / 404","length":"139","responseTime":"0.446 ms"}
{"short":"t1tNY5Py2AdmK28FtXYanrm1YQDwb5daFbtOJq4K GET / 404","length":"139","responseTime":"0.252 ms"}
{"short":"q0RE_m6Jk8xui1cHMjJ_rOl_D_t7mVtiTiItsy2n GET / 404","length":"139","responseTime":"0.330 ms"}
{"short":"KviJZ9zn6_yavqobyNsYGADQFevSxexAJFkE-2qH GET / 404","length":"139","responseTime":"0.297 ms"}
{"short":"rPeEALxl1vfLZndnysU5wM9230cQha658cOVdAC5 GET / 404","length":"139","responseTime":"0.487 ms"}
{"short":"S_MShQR8L7MAVIN9IW3GvOB7ppgi8czteRjYNpPl GET / 404","length":"139","responseTime":"0.264 ms"}
{"short":"jm9at2mqLZ9LRjc6f7bpFrsOGrMPKSS63zdeJ_Go GET / 404","length":"139","responseTime":"0.317 ms"}
{"short":"1Gftkvg6jfBWV1srw2QIl5mpAA0LnxU4GazYSbUw GET / 404","length":"139","responseTime":"0.296 ms"}
{"short":"nfU7YREM6TPOWO4OPjAJx3z5glRuzWvrJSN05Gq6 GET / 404","length":"139","responseTime":"0.275 ms"}
{"short":"mPiTGyvweajb51VUsguZzIAZkKEKqJztXyh4XSwE GET / 404","length":"139","responseTime":"0.254 ms"}
{"short":"8R9bVfoFyDqPDWQ1qTkuqu8JfKiOwgjm8Um7b5sz GET / 404","length":"139","responseTime":"0.346 ms"}
{"short":"wcOWddcmlYeWHsywPilRUeYg5kitkI4t6Z-OCO4b GET / 404","length":"139","responseTime":"0.223 ms"}
{"short":"nIKKJvn_qgj0pJYSpNPdcCt07EkEGcFEt4CTIptk GET / 404","length":"139","responseTime":"0.181 ms"}
{"short":"om3Ktj66K7L9kf5H_GJ8fAO03OXMvuuU2VlMDa0C GET / 404","length":"139","responseTime":"0.255 ms"}
{"short":"mpkg1qkaeR_DlZWAfRGnqWZ2zZjr3XbZxLIB9H64 GET / 404","length":"139","responseTime":"0.251 ms"}
{"short":"KYEeHsIJyJHi3jjp5b5ihezA5o-yr75oeQ3MmWep GET / 404","length":"139","responseTime":"0.275 ms"}
{"short":"8qS45yzNeUiIpgZCgVLFEVxOYqMhmTlqSxSMlM64 GET / 404","length":"139","responseTime":"0.280 ms"}
{"short":"BS1_gX1EGiVb_UmXUXylyv-mWF2E4ewV5Ej15ucz GET / 404","length":"139","responseTime":"0.492 ms"}
{"short":"GdWPlPPj1vw65WuSkkKt9lt9gxKtOn3J-cB-mrXF GET / 404","length":"139","responseTime":"0.203 ms"}
{"short":"63hNGzpbjOAsu9hx5JljDDIq_e3ssAPaSOWzj4y5 GET / 404","length":"139","responseTime":"0.250 ms"}
{"short":"ppd43vHO_CZMk6c88oLUzynd-sQpbEgBEdTsMnfy GET / 404","length":"139","responseTime":"0.512 ms"}
{"short":"LO1zTta9twFhTIe8pl4NQK7s29UWPTT8SNe-u-jB GET / 404","length":"139","responseTime":"0.213 ms"}
{"short":"cPRAJlSptznUlO3nvOEfIg4MBTULXqwHuyQZ166d GET / 404","length":"139","responseTime":"0.484 ms"}
{"short":"2kAljBICqp2dvXDo5js2N1jB9bM0Zm0stvA4ZV-B GET / 404","length":"139","responseTime":"0.369 ms"}
{"short":"15-oQ5CFX_nleyx67WIVQ4OPH-l09ssP7-lZomvI GET / 404","length":"139","responseTime":"0.331 ms"}
{"short":"ANG5_tLUZhJ2AEmYrihV05d9h9viqKd5ilEtUQ0R GET / 404","length":"139","responseTime":"0.389 ms"}
{"short":"in2QTWCmPMkVCphUTnAyERSSVFRJkUtXdtkgMJis GET / 404","length":"139","responseTime":"0.299 ms"}
{"short":"5LjC_qcSBEpcP8atFfwMbJcavEdmRo2rX2qFq-Yi GET / 404","length":"139","responseTime":"0.503 ms"}
{"short":"rj9mvJehiZBC_oz6aICN9sQpBFAbErlMp8lEvQkj GET / 404","length":"139","responseTime":"0.359 ms"}
{"short":"wYNpwM6qLDMeS08xk_bJt9lf3jZoBM354ulDSKCi GET / 404","length":"139","responseTime":"0.503 ms"}
{"short":"LTvYe9YcfzXZACPXlcZjJ1D9NN483kJlVWUyPaM_ GET / 404","length":"139","responseTime":"0.467 ms"}
{"short":"k7l4Imje3yRqZ9tigsWVt8tf9b_rrX3OpUzG4mcR GET / 404","length":"139","responseTime":"0.404 ms"}
{"short":"ATp9ocb7xCpB2OI93QYRZl_pnlXKBoSjyvsJ2Jj6 GET / 404","length":"139","responseTime":"0.231 ms"}
{"short":"L1X61OgRV0zAQRCeYR2ne06qqNWyBhn95eKLVT4N GET / 404","length":"139","responseTime":"0.453 ms"}
{"short":"kK380uMH1XWCb-7gTXGG8FFIrT39eu4L4o_uKmhd GET / 404","length":"139","responseTime":"0.394 ms"}
{"short":"VQgqrZ-JYpSObscHMe6IEAIfGerwbOLAs1Klr5Vv GET / 404","length":"139","responseTime":"0.218 ms"}
{"short":"ociiF9CwW0Sw2I479GKyiBrn49fN33GZuOJ0-x2L GET / 404","length":"139","responseTime":"0.491 ms"}
{"short":"LK08fyJ5VCKPj61ysKdfk5SfgLSNy6WSE9qZ82o6 GET / 404","length":"139","responseTime":"0.407 ms"}
{"short":"4Wfib0mdi3C6yjEE964CqBkHBDchGFIfz9Jl1n5V GET / 404","length":"139","responseTime":"0.212 ms"}
{"short":"fEW4XxZhhUN88AeLjeovapLZA5j3iEEEV2Hc7LfA GET / 404","length":"139","responseTime":"0.325 ms"}
{"short":"zpsd-Qx-6u2ZEz632QWUqqY-_qMdMfOc-WYPHyCh GET / 404","length":"139","responseTime":"0.515 ms"}
{"short":"AXP9zZGdpuqqyk5G1WdT5pt04_G4E9w0rD0Uublo GET / 404","length":"139","responseTime":"0.322 ms"}
{"short":"CqYcvwjlKh2kEJngDkTSCMbzUDcwO3W_YntLWO6N GET / 404","length":"139","responseTime":"0.407 ms"}
{"short":"tTxRbWmCwusY1JBAKLZuGAmcvFRn9eX7FDWCEWbO GET / 404","length":"139","responseTime":"0.382 ms"}
{"short":"cHDpB5GBnQLMi-W0562jVwysICPQp0hR-3DucPHH GET / 404","length":"139","responseTime":"0.285 ms"}
{"short":"XXsEG5qbAVfTywiFqiYPMEy1fnfILPbmHnohzVMl GET / 404","length":"139","responseTime":"0.501 ms"}
{"short":"d13iKIxejxAQHTRQAL81WxQHBdno5DDewiuGv-I8 GET / 404","length":"139","responseTime":"0.394 ms"}
{"short":"9DDyTBUFFrKKtdyjhEYiEmzewJkTVD1aQj3cymYp GET / 404","length":"139","responseTime":"0.449 ms"}
{"short":"1Aby9_siU32BiYxJcb9sQjvq0KdOKJVavG3kJ2Dp GET / 404","length":"139","responseTime":"0.245 ms"}
{"short":"iPUhpjZ8SpnnajGi7dxejzssdKAis_a3_9Uro__a GET / 404","length":"139","responseTime":"0.242 ms"}
{"short":"wi6psgHsBVMi3dP-_blClvmRTp1ZmaZgY-KQOIMM GET / 404","length":"139","responseTime":"0.391 ms"}
{"short":"gonewLrPIv41P1xLyAZgqaogzJ4GLMPH8RgC00-u GET / 404","length":"139","responseTime":"0.193 ms"}
{"short":"QgAxztjxx8NwlkSdhsbLatkTTuM7442dvjgcqBME GET / 404","length":"139","responseTime":"0.521 ms"}
{"short":"qvxPWHgRa6xjzf7DcI8qK3USU4Ke2vvTLPwCxJSj GET / 404","length":"139","responseTime":"0.512 ms"}
{"short":"Ha1w_DvkKpOaWek6ATWsgt_WdC5uqyIk87Iis7ZP GET / 404","length":"139","responseTime":"1.780 ms"}
{"short":"cOHifA8h3UQggQPgCSwuDnzFjsmzWInwLayJQGFZ GET / 404","length":"139","responseTime":"0.397 ms"}
{"short":"27qcqJ4Vqa9wtOUThbuoMJUBlAQoMk_7Mf6Eg5Bg GET / 404","length":"139","responseTime":"0.499 ms"}
{"short":"tJIejD4Sh1uqH0T_c88ZCkEKIGRkyJZLnQZvJe2x GET / 404","length":"139","responseTime":"0.194 ms"}
{"short":"AaPx8SGK8zO4YhK-T0VaJsaA26Lgd5pKMdITgyWb GET / 404","length":"139","responseTime":"0.190 ms"}
{"short":"i2nQSZRB1mVpBsEbbhPkAnNVQbnT_uMiII1cW6k5 GET / 404","length":"139","responseTime":"0.497 ms"}
{"short":"NqgSvuiIq01Bqz3bM6axiIQtNQagqnn7ozKFqhdC GET / 404","length":"139","responseTime":"0.547 ms"}
{"short":"zchEhWv6OAOqbLxobKjz2668vsy79h_O5FwoGDEH GET / 404","length":"139","responseTime":"0.418 ms"}
{"short":"549Kv29nlkYDdQB7HV3EopuPDLO9Lkr7cSqpbY9d GET / 404","length":"139","responseTime":"3.022 ms"}
{"short":"tE7Mzkd6TLm_WkX4eCOx0nfF9oBmyxUT86gMKwMW GET / 404","length":"139","responseTime":"0.390 ms"}
{"short":"xjYUurlpSaUAiS5isTXkrLiQv17UKS9asnrtz79Q GET / 404","length":"139","responseTime":"0.773 ms"}
{"short":"U1-6WGLoXMPOp4NCQ7I4NVyj1A7tiabR0MfzW0-M GET / 404","length":"139","responseTime":"0.399 ms"}
{"short":"sr_wchfjOaSV_I03nBNH3X73XOqv1YDhaI92IU2P GET / 404","length":"139","responseTime":"0.390 ms"}
{"short":"KbpN8QX_ZAWD5Cy_DT6ibEiL-9kBpA-aGuk5kKxN GET / 404","length":"139","responseTime":"0.345 ms"}
{"short":"2xn9TqBSSmVZbGK5Ylf-YHFt6EUFE7ui5VL1UF6D GET / 404","length":"139","responseTime":"0.379 ms"}
{"short":"3oKN-s5DyhY7CW6RG30rZf5qPPTtq5WZBGY2X_Wn GET / 404","length":"139","responseTime":"0.386 ms"}
{"short":"E6Vq1CI5kmvg1CXe5oP-qjI7lL1zyKmZKfqjgQQ4 GET / 404","length":"139","responseTime":"0.379 ms"}
{"short":"2wVQftyTpdGeAo22f6grAFFy4CBis5dhbBNUrvgA GET / 404","length":"139","responseTime":"0.389 ms"}
{"short":"VKioalcyC2b6s7qUbRPyDXhk1l2srI12pmdNmrWB GET / 404","length":"139","responseTime":"0.510 ms"}
{"short":"5KG5vNhkHmGkTyGUvY6ZTDKuGsU_zgNQg-4nib-J GET / 404","length":"139","responseTime":"0.378 ms"}
{"short":"FIZ40Ac3CLfOJInRNY1QgHGNJ4jluRqrg99aZjcg GET / 404","length":"139","responseTime":"0.453 ms"}
{"short":"DvLK5-Je4sMaZ9FTduDlvoCnBeN3ST4SRwD2oRRh GET / 404","length":"139","responseTime":"0.366 ms"}
{"short":"zOtNurD4YFRPlvWa9_WuCyhCAo48eyXhapwcrrrf GET / 404","length":"139","responseTime":"0.384 ms"}
{"short":"gAGfqkuS8h4TWavgJqDXqmnGh4hDcucbeyODJ-Hz GET / 404","length":"139","responseTime":"0.380 ms"}
{"short":"wazfNbp2X28rc2sDkIquaFTeBbMZtzchO-TFfzJ2 GET / 404","length":"139","responseTime":"0.378 ms"}
{"short":"EQbKMeyUnW73tSs05_H2mK3E_QAcUtZqpwHf3Xit GET / 404","length":"139","responseTime":"0.376 ms"}
{"short":"gyxfrkGqEdrePck-Mz7hOk2-c4WYrJSD8Ne4s89M GET / 404","length":"139","responseTime":"0.490 ms"}
{"short":"_DTAkJslsX5amj_OK8JsDJf5_T7lgt_aTOyViIYc GET / 404","length":"139","responseTime":"0.301 ms"}
{"short":"kNk7qddTsO2eaWaj8Ue3pHQf13T_UC2zaSjuHzja GET / 404","length":"139","responseTime":"0.182 ms"}
{"short":"74PIRHW_MS3lt8eTodW8r1XjZELLwqeNAiun3TZM GET / 404","length":"139","responseTime":"0.365 ms"}
{"short":"BlyTTmLS3vhRkPFWjFRz9cxmkzi_Z4rBNrh7r6_U GET / 404","length":"139","responseTime":"0.378 ms"}
{"short":"lcSwepwXwgl2u1kRT0bgNIuxw6uo-kwDKDXvpXN6 GET / 404","length":"139","responseTime":"0.931 ms"}
{"short":"_ZbfSR3wdYbKDyNPmO5Qo5UHuX-pD5yc8qEJWfTA GET / 404","length":"139","responseTime":"14.087 ms"}
{"short":"c8LN1tYmOqrF6RO15Wo1YW5wthATvUfu0bNvbXQe GET / 404","length":"139","responseTime":"1.068 ms"}
{"short":"KHekegbohkWQ6Pc07iVdcmb-zIg4jL9tyeisHJ_K GET / 404","length":"139","responseTime":"0.480 ms"}
{"short":"GzCNSnfOjTqT1ZrgeKFrteE07wMCs-y3PPuhQQE5 GET / 404","length":"139","responseTime":"1.589 ms"}
{"short":"jmsUszFd7K0dfIdS29xN9bT8BcqvCjkm_wNf29mz GET / 404","length":"139","responseTime":"0.383 ms"}
{"short":"T6MoiMzIVcWNL_5NJRefRoX2ZAhG9MNnvSlvTWxj GET / 404","length":"139","responseTime":"0.254 ms"}
{"short":"alysUL5qQgOqRBFIbYCim2e9iPVCVWC21TeEnsBB GET / 404","length":"139","responseTime":"0.528 ms"}
{"short":"_7cV0fUuQif28QYZxsZ_5mYMR3c_KGxRsm0aLg-T GET / 404","length":"139","responseTime":"0.229 ms"}
{"short":"tHFCvT9CLFXiWlTOVFMb7GULMUo5KrIzCf8qP3eJ GET / 404","length":"139","responseTime":"0.463 ms"}
{"short":"mLclDisvtDRZC7DTXTFNL47R4VZG0MEVzV4Z5T_E GET / 404","length":"139","responseTime":"0.373 ms"}
{"short":"ZTbIDFruxb8CtYznOOP6A2bD4yhXqYUN8tbhjorY GET / 404","length":"139","responseTime":"0.404 ms"}
{"short":"hZdrGM_a5FBiZoop4eHW7-3eZYiCMwIV-NLYVFO- GET / 404","length":"139","responseTime":"1.562 ms"}
{"short":"3gyLRC8lfEIixq39Ky_JkOcUyd7qP-4BMkzL0Vsm GET / 404","length":"139","responseTime":"0.912 ms"}
{"short":"yp5CgisLV7wY5eEbqe7c_OTmNZG2nwgjJBV59q-s GET / 404","length":"139","responseTime":"2.679 ms"}
{"short":"pKmND-0eum44GO4X0PSMI1jgOH5UFxlmZYzf55w5 GET / 404","length":"139","responseTime":"1.370 ms"}
{"short":"Swk1ib1ARW-5HxfmerTZzVm5vgjY4ptMkg5lwHCY GET / 404","length":"139","responseTime":"0.609 ms"}
{"short":"-bbg8V7UCn_GbrnOKx0uffNOtEYqGNw0Q6FOSUBm GET / 404","length":"139","responseTime":"0.278 ms"}
{"short":"u3ZYd7_Nzg3UrgYsNW-NhE5XH07mwdzeSb6iRnai GET / 404","length":"139","responseTime":"0.345 ms"}
{"short":"-Nh680zs7-3uaMrl_JDlV3N3CF9XYAVv9QeTssIH GET / 404","length":"139","responseTime":"0.560 ms"}
{"short":"sv96nCsgwOO7fWG7KrCeIyXST7mdrjHZ7MHbnTcV GET / 404","length":"139","responseTime":"0.513 ms"}
{"short":"_m2QXJRFaN3SmkrKmvfMeVyL1ZJHPWtOiiA80qwv GET / 404","length":"139","responseTime":"0.485 ms"}
{"short":"Kre_pDBvhjA7IpYm5EH0EMyyLNfXWRI35rWYUzTP GET / 404","length":"139","responseTime":"0.468 ms"}
{"short":"biHKSoSccyax0bntSNEs-bdH16Ru3953XS-oeuQ7 GET / 404","length":"139","responseTime":"0.461 ms"}
{"short":"QUdo-JcKJns-TzxLUnsNap1-_GqQGOa6DuGs_5OX GET / 404","length":"139","responseTime":"0.650 ms"}
{"short":"uHukEv0mwAtofEBSf-md2fzlVjksI2qghJBiublZ GET / 404","length":"139","responseTime":"0.521 ms"}
{"short":"Rx-jTHCJFvo_Wn6gm4VEEsmUgr_SFv8R4ep_JIKl GET / 404","length":"139","responseTime":"0.440 ms"}
{"short":"G17KcJ-g2QgSqgHZYhruDWQP6IZ3xAkZ3T1kIbWZ GET / 404","length":"139","responseTime":"0.291 ms"}
{"event":"WebRequestEvent","short":"b3-XB-7P7jsIxSd8ImvY6aOHLv4pAy6Ngv_lFCef GET / 404","length":"139","responseTime":"2.084 ms"}
{"event":"WebRequestEvent","short":"JloBrF4ROOtOwGMsIGEN6zmmcw0Qcleu_a_oXiby GET / 404","length":"139","responseTime":"0.676 ms"}
{"event":"CreateUserSuccess","short":"xcOVDIuQjhswQvv9g2F2X9dJPcK_7I1AzX2aHioq POST /users 201","length":"262","responseTime":"138.413 ms"}
{"event":"WebRequestEvent","short":"Hw01JXAQdBEhkAS7aPqOqPldo17pAx1cLwm40c2V GET / 404","length":"139","responseTime":"0.297 ms"}
{"event":"WebRequestEvent","short":"b9KfENlOGa5JSpHuLVpFkcRjXiKNxRn2AETzGm8d GET / 404","length":"139","responseTime":"0.340 ms"}
{"event":"WebRequestEvent","short":"Kq0xjeA0Bv9FVsOKvhzebUUgjYB-kwS7Sm4T3Ywm GET / 404","length":"139","responseTime":"0.317 ms"}
{"event":"WebRequestEvent","short":"H59Ukc-2E4GXeEtoaGsxA_L1luVh1RDgkNE4dulb GET / 404","length":"139","responseTime":"0.332 ms"}
{"event":"WebRequestEvent","short":"z5DBycZtIWFaZtzMP_LmJ_584zeY0ghUAIWMvjaX GET / 404","length":"139","responseTime":"0.313 ms"}
{"event":"WebRequestEvent","short":"fUw6D3cQzjb0-9rQpZel8zWJHEN_TTT-nawORbVk GET / 404","length":"139","responseTime":"1.930 ms"}
{"event":"WebRequestEvent","short":"lYJ4cOTC0uu8T9UrAENtq-iRhUxsrMBjtDVMqI2C GET / 404","length":"139","responseTime":"0.751 ms"}
{"event":"WebRequestEvent","short":"JR4Rg6AIOCYnKEsi8rUvdvwZ0rOi652aOu8p-5ls GET / 404","length":"139","responseTime":"0.324 ms"}
{"event":"WebRequestEvent","short":"H7WZLBAJcUMUAJPJpzDJghi0eFLKqxAemzol3gKp GET / 404","length":"139","responseTime":"0.878 ms"}
{"event":"WebRequestEvent","short":"pwulWOtv35JCMARpL6vd6-s3G32Ji89I57ViA3Qm GET / 404","length":"139","responseTime":"0.281 ms"}
{"event":"WebRequestEvent","short":"04qEyGAowANEjbHdivtEMeNZ1nrMhxVMkDX7ZVPg GET / 404","length":"139","responseTime":"0.665 ms"}
{"event":"WebRequestEvent","short":"p98vAnRibm7N-borkJTA29n6tW-woLBQhk0AmiTk GET / 404","length":"139","responseTime":"0.734 ms"}
{"event":"WebRequestEvent","short":"Lc22965pYnYAppgKBy3xGrqcST6IKlMjr55xXAFF GET / 404","length":"139","responseTime":"0.426 ms"}
{"event":"WebRequestEvent","short":"MOND8Ub3ooD6kscevN2Jt-kWv0VI6vn5AwftgHVw GET / 404","length":"139","responseTime":"0.444 ms"}
{"event":"WebRequestEvent","short":"F4yYvebA07ht6ne3VHcC69tvwf__8iMeUrCh-lQw GET / 404","length":"139","responseTime":"0.451 ms"}
{"event":"WebRequestEvent","short":"KSp-R9jeGCJwBpxPGp7DqPctEUfoI6_68BLvu0Mn GET / 404","length":"139","responseTime":"0.615 ms"}
{"event":"WebRequestEvent","short":"vwvty-hu91QAbJrbtf_BdNuq_wAGpKzan-hwo4F5 GET / 404","length":"139","responseTime":"1.943 ms"}
{"event":"WebRequestEvent","short":"ssIk3xeFNQBUIbURVr06toqOMO408VX-Xh8TmkG4 GET / 404","length":"139","responseTime":"0.441 ms"}
{"event":"WebRequestEvent","short":"N_D2_kC9NwoQHx2QuWykkoPWCdA57A6lmvowT7Pi GET / 404","length":"139","responseTime":"0.580 ms"}
{"event":"WebRequestEvent","short":"EdY1aDqb8RW_n5y7ddJ_jEmMnGsVzBpiE23rV_uo GET / 404","length":"139","responseTime":"0.555 ms"}
{"event":"WebRequestEvent","short":"vchNa8cKa7Kdw_RGNjo0J-u8s9L_UyUW2E1OR20q GET / 404","length":"139","responseTime":"0.537 ms"}
{"event":"WebRequestEvent","short":"us8qB-nS7BUJ0Uw_-LTb2xnWTgen6IM1DpPVlbTl GET / 404","length":"139","responseTime":"0.533 ms"}
{"event":"WebRequestEvent","short":"QWslfb1Ky2ft13Tzr49ShiGftqbG-8rpNqSZWmtO GET / 404","length":"139","responseTime":"0.689 ms"}
{"event":"WebRequestEvent","short":"rFSus0iawvTw7njYcvUezhGm74OAzfe_s59dzK2s GET / 404","length":"139","responseTime":"0.530 ms"}
{"event":"WebRequestEvent","short":"UKm3njSAmmEwhJcyvagxOZlORM0U4ZbagrSqUQ-9 GET / 404","length":"139","responseTime":"0.396 ms"}
{"event":"WebRequestEvent","short":"RDm_ngOw6DmQSSXPeqrlL8127Z92xP3kTkWR3VZ3 GET / 404","length":"139","responseTime":"0.529 ms"}
{"event":"WebRequestEvent","short":"z4BgpPYcK9n9GwJk_J1pnfAlYnLKoQjpjWC_DGU4 GET / 404","length":"139","responseTime":"0.314 ms"}
{"event":"WebRequestEvent","short":"GpQVQdKx4UgscuXAtbkxdw8IUYYF4G5MVtR6Q_ZH GET / 404","length":"139","responseTime":"0.542 ms"}
{"event":"WebRequestEvent","short":"Erfv1DkM58c3A6dJL6wKtfs15VnxW9ZErFHBmYpW GET / 404","length":"139","responseTime":"0.680 ms"}
{"event":"WebRequestEvent","short":"smvNC-YbaUVXACszrvTg9HH8vG86sfY6luontgS2 GET / 404","length":"139","responseTime":"0.522 ms"}
{"event":"WebRequestEvent","short":"XSnFZzEp-QzLeh2xRUS3rcZcHf1UsHc1pyGiVuup GET / 404","length":"139","responseTime":"0.426 ms"}
{"event":"WebRequestEvent","short":"FMxHI7brF9QS0HvhSIb0NzK3hkQWCRWY80xz_mrF GET / 404","length":"139","responseTime":"0.635 ms"}
{"event":"WebRequestEvent","short":"9APaQ3Qj7267s_pkUH-8zsvtx01kFf2465gj8rIx GET / 404","length":"139","responseTime":"0.253 ms"}
{"event":"WebRequestEvent","short":"VOogJZEJSSB5TAeyi4ortPBquv8THoCWrPkKF0cP GET / 404","length":"139","responseTime":"0.487 ms"}
{"event":"WebRequestEvent","short":"aOlBNS4WOzP0QKaGTl4oqHHVqCmU3B5BHnjZ8d8w GET / 404","length":"139","responseTime":"0.658 ms"}
{"event":"WebRequestEvent","short":"6upiWPFXyPwKCu670bYFkLGLA4mepPA2_1NXex8b GET / 404","length":"139","responseTime":"0.627 ms"}
